[ 2016-10-28T15:42:47+08:00 ] 127.0.0.1 /928diuba/Public/Admin/photo/6.jpg
INFO: [ app_init ] --START--
INFO: Run Behavior\BuildLiteBehavior [ RunTime:0.000052s ]
INFO: [ app_init ] --END-- [ RunTime:0.001148s ]
ERR: 无法加载模块:Public

[ 2016-10-28T15:46:12+08:00 ] 127.0.0.1 /928diuba/Public/Admin/photo/erweima.png
INFO: [ app_init ] --START--
INFO: Run Behavior\BuildLiteBehavior [ RunTime:0.000046s ]
INFO: [ app_init ] --END-- [ RunTime:0.000868s ]
ERR: 无法加载模块:Public

[ 2016-10-28T15:47:49+08:00 ] 127.0.0.1 /928diuba/Public/Admin/photo/222.png
INFO: [ app_init ] --START--
INFO: Run Behavior\BuildLiteBehavior [ RunTime:0.000085s ]
INFO: [ app_init ] --END-- [ RunTime:0.001579s ]
ERR: 无法加载模块:Public

[ 2016-10-28T15:48:10+08:00 ] 127.0.0.1 /928diuba/Public/Admin/photo/222.png
INFO: [ app_init ] --START--
INFO: Run Behavior\BuildLiteBehavior [ RunTime:0.000042s ]
INFO: [ app_init ] --END-- [ RunTime:0.001893s ]
ERR: 无法加载模块:Public

[ 2016-10-28T15:48:26+08:00 ] 127.0.0.1 /928diuba/Public/Admin/photo/222.png
INFO: [ app_init ] --START--
INFO: Run Behavior\BuildLiteBehavior [ RunTime:0.000040s ]
INFO: [ app_init ] --END-- [ RunTime:0.000943s ]
ERR: 无法加载模块:Public

[ 2016-10-28T15:52:00+08:00 ] 127.0.0.1 /928diuba/Public/favicon.ico
INFO: [ app_init ] --START--
INFO: Run Behavior\BuildLiteBehavior [ RunTime:0.000047s ]
INFO: [ app_init ] --END-- [ RunTime:0.001450s ]
ERR: 无法加载模块:Public

[ 2016-10-28T16:02:13+08:00 ] 127.0.0.1 /928diuba/Public/assets_h/images/1.jpg
INFO: [ app_init ] --START--
INFO: Run Behavior\BuildLiteBehavior [ RunTime:0.002128s ]
INFO: [ app_init ] --END-- [ RunTime:0.003200s ]
ERR: 无法加载模块:Public

[ 2016-10-28T16:04:33+08:00 ] 127.0.0.1 /928diuba/Public/assets_h/images/1.jpg
INFO: [ app_init ] --START--
INFO: Run Behavior\BuildLiteBehavior [ RunTime:0.000050s ]
INFO: [ app_init ] --END-- [ RunTime:0.000805s ]
ERR: 无法加载模块:Public

[ 2016-10-28T16:04:58+08:00 ] 127.0.0.1 /928diuba/Public/assets_h/images/1.jpg
INFO: [ app_init ] --START--
INFO: Run Behavior\BuildLiteBehavior [ RunTime:0.000050s ]
INFO: [ app_init ] --END-- [ RunTime:0.001212s ]
ERR: 无法加载模块:Public

[ 2016-10-28T16:11:00+08:00 ] 127.0.0.1 /928diuba/Public/assets_h/images/1.jpg
INFO: [ app_init ] --START--
INFO: Run Behavior\BuildLiteBehavior [ RunTime:0.000045s ]
INFO: [ app_init ] --END-- [ RunTime:0.001042s ]
ERR: 无法加载模块:Public

[ 2016-10-28T16:12:13+08:00 ] 127.0.0.1 /928diuba/Public/assets_h/images/1.jpg
INFO: [ app_init ] --START--
INFO: Run Behavior\BuildLiteBehavior [ RunTime:0.000045s ]
INFO: [ app_init ] --END-- [ RunTime:0.000899s ]
ERR: 无法加载模块:Public

[ 2016-10-28T16:12:42+08:00 ] 127.0.0.1 /928diuba/Public/assets_h/images/1.jpg
INFO: [ app_init ] --START--
INFO: Run Behavior\BuildLiteBehavior [ RunTime:0.000110s ]
INFO: [ app_init ] --END-- [ RunTime:0.001962s ]
ERR: 无法加载模块:Public

