[ 2016-10-14T14:41:56+08:00 ] 127.0.0.1 /928diuba/Public/Uploads/lostphoto/timg.jpg
INFO: [ app_init ] --START--
INFO: Run Behavior\BuildLiteBehavior [ RunTime:0.000055s ]
INFO: [ app_init ] --END-- [ RunTime:0.001024s ]
ERR: 无法加载模块:Public

[ 2016-10-14T14:41:56+08:00 ] 127.0.0.1 /928diuba/Public/Uploads/lostphoto/nothing.jpg
INFO: [ app_init ] --START--
INFO: Run Behavior\BuildLiteBehavior [ RunTime:0.000063s ]
INFO: [ app_init ] --END-- [ RunTime:0.001515s ]
ERR: 无法加载模块:Public

[ 2016-10-14T14:41:56+08:00 ] 127.0.0.1 /928diuba/Public/favicon.ico
INFO: [ app_init ] --START--
INFO: Run Behavior\BuildLiteBehavior [ RunTime:0.000056s ]
INFO: [ app_init ] --END-- [ RunTime:0.001244s ]
ERR: 无法加载模块:Public

[ 2016-10-14T15:33:11+08:00 ] 127.0.0.1 /928diuba/Public/Uploads/lostphoto/timg.jpg
INFO: [ app_init ] --START--
INFO: Run Behavior\BuildLiteBehavior [ RunTime:0.000040s ]
INFO: [ app_init ] --END-- [ RunTime:0.000683s ]
ERR: 无法加载模块:Public

[ 2016-10-14T15:33:11+08:00 ] 127.0.0.1 /928diuba/Public/Uploads/lostphoto/nothing.jpg
INFO: [ app_init ] --START--
INFO: Run Behavior\BuildLiteBehavior [ RunTime:0.000026s ]
INFO: [ app_init ] --END-- [ RunTime:0.000652s ]
ERR: 无法加载模块:Public

[ 2016-10-14T15:33:12+08:00 ] 127.0.0.1 /928diuba/Public/Uploads/lostphoto/timg.jpg
INFO: [ app_init ] --START--
INFO: Run Behavior\BuildLiteBehavior [ RunTime:0.000040s ]
INFO: [ app_init ] --END-- [ RunTime:0.000935s ]
ERR: 无法加载模块:Public

[ 2016-10-14T15:36:39+08:00 ] 127.0.0.1 /928diuba/Public/Uploads/lostphoto/timg.jpg
INFO: [ app_init ] --START--
INFO: Run Behavior\BuildLiteBehavior [ RunTime:0.000050s ]
INFO: [ app_init ] --END-- [ RunTime:0.001015s ]
ERR: 无法加载模块:Public

[ 2016-10-14T15:36:39+08:00 ] 127.0.0.1 /928diuba/Public/Uploads/lostphoto/nothing.jpg
INFO: [ app_init ] --START--
INFO: Run Behavior\BuildLiteBehavior [ RunTime:0.000048s ]
INFO: [ app_init ] --END-- [ RunTime:0.001021s ]
ERR: 无法加载模块:Public

[ 2016-10-14T15:37:36+08:00 ] 127.0.0.1 /928diuba/Public/Uploads/lostphoto/timg.jpg
INFO: [ app_init ] --START--
INFO: Run Behavior\BuildLiteBehavior [ RunTime:0.000032s ]
INFO: [ app_init ] --END-- [ RunTime:0.000694s ]
ERR: 无法加载模块:Public

[ 2016-10-14T15:37:36+08:00 ] 127.0.0.1 /928diuba/Public/Uploads/lostphoto/nothing.jpg
INFO: [ app_init ] --START--
INFO: Run Behavior\BuildLiteBehavior [ RunTime:0.000119s ]
INFO: [ app_init ] --END-- [ RunTime:0.001209s ]
ERR: 无法加载模块:Public

[ 2016-10-14T15:38:08+08:00 ] 127.0.0.1 /928diuba/Public/Uploads/lostphoto/timg.jpg
INFO: [ app_init ] --START--
INFO: Run Behavior\BuildLiteBehavior [ RunTime:0.000041s ]
INFO: [ app_init ] --END-- [ RunTime:0.000848s ]
ERR: 无法加载模块:Public

[ 2016-10-14T15:38:08+08:00 ] 127.0.0.1 /928diuba/Public/Uploads/lostphoto/nothing.jpg
INFO: [ app_init ] --START--
INFO: Run Behavior\BuildLiteBehavior [ RunTime:0.000095s ]
INFO: [ app_init ] --END-- [ RunTime:0.001049s ]
ERR: 无法加载模块:Public

[ 2016-10-14T15:39:45+08:00 ] 127.0.0.1 /928diuba/Public/Uploads/lostphoto/timg.jpg
INFO: [ app_init ] --START--
INFO: Run Behavior\BuildLiteBehavior [ RunTime:0.000047s ]
INFO: [ app_init ] --END-- [ RunTime:0.000884s ]
ERR: 无法加载模块:Public

[ 2016-10-14T15:39:45+08:00 ] 127.0.0.1 /928diuba/Public/Uploads/lostphoto/nothing.jpg
INFO: [ app_init ] --START--
INFO: Run Behavior\BuildLiteBehavior [ RunTime:0.000048s ]
INFO: [ app_init ] --END-- [ RunTime:0.000814s ]
ERR: 无法加载模块:Public

[ 2016-10-14T15:41:45+08:00 ] 127.0.0.1 /928diuba/Public/Uploads/lostphoto/timg.jpg
INFO: [ app_init ] --START--
INFO: Run Behavior\BuildLiteBehavior [ RunTime:0.000052s ]
INFO: [ app_init ] --END-- [ RunTime:0.001156s ]
ERR: 无法加载模块:Public

[ 2016-10-14T15:41:45+08:00 ] 127.0.0.1 /928diuba/Public/Uploads/lostphoto/nothing.jpg
INFO: [ app_init ] --START--
INFO: Run Behavior\BuildLiteBehavior [ RunTime:0.000047s ]
INFO: [ app_init ] --END-- [ RunTime:0.000902s ]
ERR: 无法加载模块:Public

[ 2016-10-14T15:42:38+08:00 ] 127.0.0.1 /928diuba/Public/Uploads/lostphoto/timg.jpg
INFO: [ app_init ] --START--
INFO: Run Behavior\BuildLiteBehavior [ RunTime:0.000049s ]
INFO: [ app_init ] --END-- [ RunTime:0.000958s ]
ERR: 无法加载模块:Public

[ 2016-10-14T15:42:38+08:00 ] 127.0.0.1 /928diuba/Public/Uploads/lostphoto/nothing.jpg
INFO: [ app_init ] --START--
INFO: Run Behavior\BuildLiteBehavior [ RunTime:0.000048s ]
INFO: [ app_init ] --END-- [ RunTime:0.000899s ]
ERR: 无法加载模块:Public

[ 2016-10-14T15:45:06+08:00 ] 127.0.0.1 /928diuba/Public/Uploads/lostphoto/timg.jpg
INFO: [ app_init ] --START--
INFO: Run Behavior\BuildLiteBehavior [ RunTime:0.000049s ]
INFO: [ app_init ] --END-- [ RunTime:0.001131s ]
ERR: 无法加载模块:Public

[ 2016-10-14T15:45:06+08:00 ] 127.0.0.1 /928diuba/Public/Uploads/lostphoto/nothing.jpg
INFO: [ app_init ] --START--
INFO: Run Behavior\BuildLiteBehavior [ RunTime:0.000046s ]
INFO: [ app_init ] --END-- [ RunTime:0.000921s ]
ERR: 无法加载模块:Public

[ 2016-10-14T15:45:30+08:00 ] 127.0.0.1 /928diuba/Public/Uploads/lostphoto/timg.jpg
INFO: [ app_init ] --START--
INFO: Run Behavior\BuildLiteBehavior [ RunTime:0.000030s ]
INFO: [ app_init ] --END-- [ RunTime:0.000618s ]
ERR: 无法加载模块:Public

[ 2016-10-14T15:45:30+08:00 ] 127.0.0.1 /928diuba/Public/Uploads/lostphoto/nothing.jpg
INFO: [ app_init ] --START--
INFO: Run Behavior\BuildLiteBehavior [ RunTime:0.000045s ]
INFO: [ app_init ] --END-- [ RunTime:0.000881s ]
ERR: 无法加载模块:Public

[ 2016-10-14T15:46:26+08:00 ] 127.0.0.1 /928diuba/Public/Uploads/lostphoto/timg.jpg
INFO: [ app_init ] --START--
INFO: Run Behavior\BuildLiteBehavior [ RunTime:0.000046s ]
INFO: [ app_init ] --END-- [ RunTime:0.001305s ]
ERR: 无法加载模块:Public

[ 2016-10-14T15:46:26+08:00 ] 127.0.0.1 /928diuba/Public/Uploads/lostphoto/nothing.jpg
INFO: [ app_init ] --START--
INFO: Run Behavior\BuildLiteBehavior [ RunTime:0.000049s ]
INFO: [ app_init ] --END-- [ RunTime:0.000805s ]
ERR: 无法加载模块:Public

[ 2016-10-14T16:14:48+08:00 ] 127.0.0.1 /928diuba/Public/Uploads/lostphoto/14.jpg
INFO: [ app_init ] --START--
INFO: Run Behavior\BuildLiteBehavior [ RunTime:0.000059s ]
INFO: [ app_init ] --END-- [ RunTime:0.000871s ]
ERR: 无法加载模块:Public

[ 2016-10-14T16:14:48+08:00 ] 127.0.0.1 /928diuba/Public/Uploads/lostphoto/33.jpg
INFO: [ app_init ] --START--
INFO: Run Behavior\BuildLiteBehavior [ RunTime:0.000053s ]
INFO: [ app_init ] --END-- [ RunTime:0.001090s ]
ERR: 无法加载模块:Public

[ 2016-10-14T16:14:48+08:00 ] 127.0.0.1 /928diuba/Public/Uploads/lostphoto/14.jpg
INFO: [ app_init ] --START--
INFO: Run Behavior\BuildLiteBehavior [ RunTime:0.000046s ]
INFO: [ app_init ] --END-- [ RunTime:0.000833s ]
ERR: 无法加载模块:Public

[ 2016-10-14T16:14:48+08:00 ] 127.0.0.1 /928diuba/Public/Uploads/lostphoto/33.jpg
INFO: [ app_init ] --START--
INFO: Run Behavior\BuildLiteBehavior [ RunTime:0.000110s ]
INFO: [ app_init ] --END-- [ RunTime:0.001301s ]
ERR: 无法加载模块:Public

[ 2016-10-14T16:17:54+08:00 ] 127.0.0.1 /928diuba/Public/Uploads/lostphoto/14.jpg
INFO: [ app_init ] --START--
INFO: Run Behavior\BuildLiteBehavior [ RunTime:0.000044s ]
INFO: [ app_init ] --END-- [ RunTime:0.001007s ]
ERR: 无法加载模块:Public

[ 2016-10-14T16:17:54+08:00 ] 127.0.0.1 /928diuba/Public/Uploads/lostphoto/33.jpg
INFO: [ app_init ] --START--
INFO: Run Behavior\BuildLiteBehavior [ RunTime:0.000048s ]
INFO: [ app_init ] --END-- [ RunTime:0.001158s ]
ERR: 无法加载模块:Public

[ 2016-10-14T16:17:54+08:00 ] 127.0.0.1 /928diuba/Public/Uploads/findphoto/14.jpg
INFO: [ app_init ] --START--
INFO: Run Behavior\BuildLiteBehavior [ RunTime:0.000046s ]
INFO: [ app_init ] --END-- [ RunTime:0.000899s ]
ERR: 无法加载模块:Public

[ 2016-10-14T16:17:54+08:00 ] 127.0.0.1 /928diuba/Public/Uploads/findphoto/33.jpg
INFO: [ app_init ] --START--
INFO: Run Behavior\BuildLiteBehavior [ RunTime:0.000043s ]
INFO: [ app_init ] --END-- [ RunTime:0.000794s ]
ERR: 无法加载模块:Public

[ 2016-10-14T16:17:55+08:00 ] 127.0.0.1 /928diuba/Public/Uploads/lostphoto/14.jpg
INFO: [ app_init ] --START--
INFO: Run Behavior\BuildLiteBehavior [ RunTime:0.000046s ]
INFO: [ app_init ] --END-- [ RunTime:0.000873s ]
ERR: 无法加载模块:Public

[ 2016-10-14T16:17:55+08:00 ] 127.0.0.1 /928diuba/Public/Uploads/findphoto/33.jpg
INFO: [ app_init ] --START--
INFO: Run Behavior\BuildLiteBehavior [ RunTime:0.000051s ]
INFO: [ app_init ] --END-- [ RunTime:0.001129s ]
ERR: 无法加载模块:Public

[ 2016-10-14T16:17:55+08:00 ] 127.0.0.1 /928diuba/Public/Uploads/lostphoto/33.jpg
INFO: [ app_init ] --START--
INFO: Run Behavior\BuildLiteBehavior [ RunTime:0.000049s ]
INFO: [ app_init ] --END-- [ RunTime:0.000981s ]
ERR: 无法加载模块:Public

[ 2016-10-14T16:17:55+08:00 ] 127.0.0.1 /928diuba/Public/Uploads/findphoto/14.jpg
INFO: [ app_init ] --START--
INFO: Run Behavior\BuildLiteBehavior [ RunTime:0.000043s ]
INFO: [ app_init ] --END-- [ RunTime:0.001021s ]
ERR: 无法加载模块:Public

[ 2016-10-14T16:20:34+08:00 ] 127.0.0.1 /928diuba/Public/Uploads/lostphoto/33.jpg
INFO: [ app_init ] --START--
INFO: Run Behavior\BuildLiteBehavior [ RunTime:0.000044s ]
INFO: [ app_init ] --END-- [ RunTime:0.000831s ]
ERR: 无法加载模块:Public

[ 2016-10-14T16:20:34+08:00 ] 127.0.0.1 /928diuba/Public/Uploads/lostphoto/14.jpg
INFO: [ app_init ] --START--
INFO: Run Behavior\BuildLiteBehavior [ RunTime:0.000032s ]
INFO: [ app_init ] --END-- [ RunTime:0.000580s ]
ERR: 无法加载模块:Public

[ 2016-10-14T16:20:34+08:00 ] 127.0.0.1 /928diuba/Public/Uploads/findphoto/33.jpg
INFO: [ app_init ] --START--
INFO: Run Behavior\BuildLiteBehavior [ RunTime:0.000033s ]
INFO: [ app_init ] --END-- [ RunTime:0.000588s ]
ERR: 无法加载模块:Public

[ 2016-10-14T16:20:34+08:00 ] 127.0.0.1 /928diuba/Public/Uploads/findphoto/14.jpg
INFO: [ app_init ] --START--
INFO: Run Behavior\BuildLiteBehavior [ RunTime:0.000055s ]
INFO: [ app_init ] --END-- [ RunTime:0.001392s ]
ERR: 无法加载模块:Public

[ 2016-10-14T16:20:34+08:00 ] 127.0.0.1 /928diuba/Public/Uploads/lostphoto/33.jpg
INFO: [ app_init ] --START--
INFO: Run Behavior\BuildLiteBehavior [ RunTime:0.000052s ]
INFO: [ app_init ] --END-- [ RunTime:0.000952s ]
ERR: 无法加载模块:Public

[ 2016-10-14T16:20:34+08:00 ] 127.0.0.1 /928diuba/Public/Uploads/lostphoto/14.jpg
INFO: [ app_init ] --START--
INFO: Run Behavior\BuildLiteBehavior [ RunTime:0.000041s ]
INFO: [ app_init ] --END-- [ RunTime:0.000842s ]
ERR: 无法加载模块:Public

[ 2016-10-14T16:20:34+08:00 ] 127.0.0.1 /928diuba/Public/Uploads/findphoto/33.jpg
INFO: [ app_init ] --START--
INFO: Run Behavior\BuildLiteBehavior [ RunTime:0.000040s ]
INFO: [ app_init ] --END-- [ RunTime:0.000830s ]
ERR: 无法加载模块:Public

[ 2016-10-14T16:20:34+08:00 ] 127.0.0.1 /928diuba/Public/Uploads/findphoto/14.jpg
INFO: [ app_init ] --START--
INFO: Run Behavior\BuildLiteBehavior [ RunTime:0.000044s ]
INFO: [ app_init ] --END-- [ RunTime:0.000815s ]
ERR: 无法加载模块:Public

[ 2016-10-14T16:54:11+08:00 ] 127.0.0.1 /928diuba/Public/Admin/photo/default1.jpg
INFO: [ app_init ] --START--
INFO: Run Behavior\BuildLiteBehavior [ RunTime:0.000044s ]
INFO: [ app_init ] --END-- [ RunTime:0.000847s ]
ERR: 无法加载模块:Public

[ 2016-10-14T16:54:11+08:00 ] 127.0.0.1 /928diuba/Public/Admin/photo/default2.jpg
INFO: [ app_init ] --START--
INFO: Run Behavior\BuildLiteBehavior [ RunTime:0.000084s ]
INFO: [ app_init ] --END-- [ RunTime:0.001232s ]
ERR: 无法加载模块:Public

