[ 2016-10-21T15:22:34+08:00 ] 127.0.0.1 /928diuba/index.php/Home/Index/index
INFO: [ app_init ] --START--
INFO: Run Behavior\BuildLiteBehavior [ RunTime:0.000046s ]
INFO: [ app_init ] --END-- [ RunTime:0.061849s ]
INFO: [ app_begin ] --START--
INFO: Run Behavior\ReadHtmlCacheBehavior [ RunTime:0.051871s ]
INFO: [ app_begin ] --END-- [ RunTime:0.052154s ]
SQL: SHOW COLUMNS FROM `diuba_losts` [ RunTime:0.8605s ]
SQL: SHOW COLUMNS FROM `diuba_find` [ RunTime:0.1588s ]
SQL: SELECT COUNT(*) AS tp_count FROM `diuba_losts` LIMIT 1   [ RunTime:0.1933s ]
SQL: SELECT COUNT(*) AS tp_count FROM `diuba_find` LIMIT 1   [ RunTime:0.0005s ]
SQL: SELECT COUNT(*) AS tp_count FROM `diuba_losts` WHERE ( isfinish=1 ) LIMIT 1   [ RunTime:0.1497s ]
SQL: SELECT COUNT(*) AS tp_count FROM `diuba_find` WHERE ( isfinish=1 ) LIMIT 1   [ RunTime:0.0004s ]
SQL: SELECT * FROM `diuba_losts` WHERE ( isfinish=0 ) ORDER BY isfirst desc,id desc LIMIT 4   [ RunTime:0.0739s ]
SQL: SELECT * FROM `diuba_find` WHERE ( isfinish=0 ) ORDER BY id desc LIMIT 4   [ RunTime:0.0019s ]
INFO: [ view_parse ] --START--
INFO: [ template_filter ] --START--
INFO: Run Behavior\ContentReplaceBehavior [ RunTime:0.000407s ]
INFO: [ template_filter ] --END-- [ RunTime:0.000673s ]
INFO: Run Behavior\ParseTemplateBehavior [ RunTime:1.060735s ]
INFO: [ view_parse ] --END-- [ RunTime:1.061055s ]
INFO: [ view_filter ] --START--
INFO: Run Behavior\WriteHtmlCacheBehavior [ RunTime:0.097353s ]
INFO: [ view_filter ] --END-- [ RunTime:0.097571s ]
INFO: [ app_end ] --START--
INFO: Run Behavior\ShowPageTraceBehavior [ RunTime:0.082712s ]
INFO: [ app_end ] --END-- [ RunTime:0.082938s ]

[ 2016-10-21T15:22:50+08:00 ] 127.0.0.1 /928diuba/Home/Users/reg.html
INFO: [ app_init ] --START--
INFO: Run Behavior\BuildLiteBehavior [ RunTime:0.000057s ]
INFO: [ app_init ] --END-- [ RunTime:0.001004s ]
INFO: [ app_begin ] --START--
INFO: Run Behavior\ReadHtmlCacheBehavior [ RunTime:0.001266s ]
INFO: [ app_begin ] --END-- [ RunTime:0.001544s ]
INFO: [ view_parse ] --START--
INFO: [ template_filter ] --START--
INFO: Run Behavior\ContentReplaceBehavior [ RunTime:0.000241s ]
INFO: [ template_filter ] --END-- [ RunTime:0.000471s ]
NOTIC: [8] Use of undefined constant register - assumed 'register' F:\wamp\www\928diuba\App\Runtime\Cache\Home\cadf8ee5853ee307883d6c8704e48fa4.php 第 105 行.
INFO: Run Behavior\ParseTemplateBehavior [ RunTime:0.056113s ]
INFO: [ view_parse ] --END-- [ RunTime:0.056366s ]
INFO: [ view_filter ] --START--
INFO: Run Behavior\WriteHtmlCacheBehavior [ RunTime:0.000677s ]
INFO: [ view_filter ] --END-- [ RunTime:0.000903s ]
INFO: [ app_end ] --START--
INFO: Run Behavior\ShowPageTraceBehavior [ RunTime:0.001085s ]
INFO: [ app_end ] --END-- [ RunTime:0.001273s ]

[ 2016-10-21T16:29:17+08:00 ] 127.0.0.1 /928diuba/index.php/Home/Index/index
INFO: [ app_init ] --START--
INFO: Run Behavior\BuildLiteBehavior [ RunTime:0.000059s ]
INFO: [ app_init ] --END-- [ RunTime:0.002968s ]
INFO: [ app_begin ] --START--
INFO: Run Behavior\ReadHtmlCacheBehavior [ RunTime:0.005540s ]
INFO: [ app_begin ] --END-- [ RunTime:0.007330s ]
SQL: SHOW COLUMNS FROM `diuba_losts` [ RunTime:0.0178s ]
SQL: SHOW COLUMNS FROM `diuba_find` [ RunTime:0.0190s ]
SQL: SELECT COUNT(*) AS tp_count FROM `diuba_losts` LIMIT 1   [ RunTime:0.0006s ]
SQL: SELECT COUNT(*) AS tp_count FROM `diuba_find` LIMIT 1   [ RunTime:0.0010s ]
SQL: SELECT COUNT(*) AS tp_count FROM `diuba_losts` WHERE ( isfinish=1 ) LIMIT 1   [ RunTime:0.0005s ]
SQL: SELECT COUNT(*) AS tp_count FROM `diuba_find` WHERE ( isfinish=1 ) LIMIT 1   [ RunTime:0.0005s ]
SQL: SELECT * FROM `diuba_losts` WHERE ( isfinish=0 ) ORDER BY isfirst desc,id desc LIMIT 4   [ RunTime:0.0009s ]
SQL: SELECT * FROM `diuba_find` WHERE ( isfinish=0 ) ORDER BY id desc LIMIT 4   [ RunTime:0.0006s ]
INFO: [ view_parse ] --START--
INFO: [ template_filter ] --START--
INFO: Run Behavior\ContentReplaceBehavior [ RunTime:0.000449s ]
INFO: [ template_filter ] --END-- [ RunTime:0.000769s ]
INFO: Run Behavior\ParseTemplateBehavior [ RunTime:0.061081s ]
INFO: [ view_parse ] --END-- [ RunTime:0.061393s ]
INFO: [ view_filter ] --START--
INFO: Run Behavior\WriteHtmlCacheBehavior [ RunTime:0.002105s ]
INFO: [ view_filter ] --END-- [ RunTime:0.002379s ]
INFO: [ app_end ] --START--
INFO: Run Behavior\ShowPageTraceBehavior [ RunTime:0.003915s ]
INFO: [ app_end ] --END-- [ RunTime:0.004484s ]

[ 2016-10-21T16:29:27+08:00 ] 127.0.0.1 /928diuba/Home/Users/reg.html
INFO: [ app_init ] --START--
INFO: Run Behavior\BuildLiteBehavior [ RunTime:0.000075s ]
INFO: [ app_init ] --END-- [ RunTime:0.004035s ]
INFO: [ app_begin ] --START--
INFO: Run Behavior\ReadHtmlCacheBehavior [ RunTime:0.003904s ]
INFO: [ app_begin ] --END-- [ RunTime:0.004239s ]
INFO: [ view_parse ] --START--
INFO: [ template_filter ] --START--
INFO: Run Behavior\ContentReplaceBehavior [ RunTime:0.000422s ]
INFO: [ template_filter ] --END-- [ RunTime:0.000733s ]
NOTIC: [8] Use of undefined constant register - assumed 'register' F:\wamp\www\928diuba\App\Runtime\Cache\Home\cadf8ee5853ee307883d6c8704e48fa4.php 第 105 行.
INFO: Run Behavior\ParseTemplateBehavior [ RunTime:0.086119s ]
INFO: [ view_parse ] --END-- [ RunTime:0.086460s ]
INFO: [ view_filter ] --START--
INFO: Run Behavior\WriteHtmlCacheBehavior [ RunTime:0.005528s ]
INFO: [ view_filter ] --END-- [ RunTime:0.005928s ]
INFO: [ app_end ] --START--
INFO: Run Behavior\ShowPageTraceBehavior [ RunTime:0.005861s ]
INFO: [ app_end ] --END-- [ RunTime:0.006365s ]

[ 2016-10-21T16:29:56+08:00 ] 127.0.0.1 /928diuba/Home/Users/register.html
INFO: [ app_init ] --START--
INFO: Run Behavior\BuildLiteBehavior [ RunTime:0.000095s ]
INFO: [ app_init ] --END-- [ RunTime:0.001738s ]
INFO: [ app_begin ] --START--
INFO: Run Behavior\ReadHtmlCacheBehavior [ RunTime:0.002400s ]
INFO: [ app_begin ] --END-- [ RunTime:0.002907s ]

[ 2016-10-21T16:30:28+08:00 ] 127.0.0.1 /928diuba/Home/Users/register.html
INFO: [ app_init ] --START--
INFO: Run Behavior\BuildLiteBehavior [ RunTime:0.000065s ]
INFO: [ app_init ] --END-- [ RunTime:0.001295s ]
INFO: [ app_begin ] --START--
INFO: Run Behavior\ReadHtmlCacheBehavior [ RunTime:0.003585s ]
INFO: [ app_begin ] --END-- [ RunTime:0.003990s ]
SQL: SHOW COLUMNS FROM `diuba_users` [ RunTime:0.0194s ]
SQL: SELECT * FROM `diuba_users` WHERE `telephone` = '15517619089' LIMIT 1   [ RunTime:0.0031s ]
SQL: INSERT INTO `diuba_users` (`telephone`,`aliasname`,`password`,`email`,`createtime`) VALUES ('15517619089','caocao','827ccb0eea8a706c4c34a16891f84e7b','1787472517@qq.com','2016-10-21') [ RunTime:0.1374s ]
INFO: [ view_parse ] --START--
INFO: [ template_filter ] --START--
INFO: Run Behavior\ContentReplaceBehavior [ RunTime:0.000250s ]
INFO: [ template_filter ] --END-- [ RunTime:0.003263s ]
INFO: Run Behavior\ParseTemplateBehavior [ RunTime:0.043896s ]
INFO: [ view_parse ] --END-- [ RunTime:0.044105s ]
INFO: [ view_filter ] --START--
INFO: Run Behavior\WriteHtmlCacheBehavior [ RunTime:0.001798s ]
INFO: [ view_filter ] --END-- [ RunTime:0.002032s ]
INFO: [ app_end ] --START--
INFO: Run Behavior\ShowPageTraceBehavior [ RunTime:0.002080s ]
INFO: [ app_end ] --END-- [ RunTime:0.002432s ]

[ 2016-10-21T16:30:29+08:00 ] 127.0.0.1 /928diuba/Home/Users/reg.html
INFO: [ app_init ] --START--
INFO: Run Behavior\BuildLiteBehavior [ RunTime:0.000070s ]
INFO: [ app_init ] --END-- [ RunTime:0.001484s ]
INFO: [ app_begin ] --START--
INFO: Run Behavior\ReadHtmlCacheBehavior [ RunTime:0.002495s ]
INFO: [ app_begin ] --END-- [ RunTime:0.002826s ]
INFO: [ view_parse ] --START--
INFO: [ template_filter ] --START--
INFO: Run Behavior\ContentReplaceBehavior [ RunTime:0.000368s ]
INFO: [ template_filter ] --END-- [ RunTime:0.000651s ]
NOTIC: [8] Use of undefined constant register - assumed 'register' F:\wamp\www\928diuba\App\Runtime\Cache\Home\cadf8ee5853ee307883d6c8704e48fa4.php 第 105 行.
INFO: Run Behavior\ParseTemplateBehavior [ RunTime:0.030885s ]
INFO: [ view_parse ] --END-- [ RunTime:0.031157s ]
INFO: [ view_filter ] --START--
INFO: Run Behavior\WriteHtmlCacheBehavior [ RunTime:0.001797s ]
INFO: [ view_filter ] --END-- [ RunTime:0.002056s ]
INFO: [ app_end ] --START--
INFO: Run Behavior\ShowPageTraceBehavior [ RunTime:0.006270s ]
INFO: [ app_end ] --END-- [ RunTime:0.006552s ]

[ 2016-10-21T16:31:23+08:00 ] 127.0.0.1 /928diuba/Home/Users/reg.html
INFO: [ app_init ] --START--
INFO: Run Behavior\BuildLiteBehavior [ RunTime:0.000094s ]
INFO: [ app_init ] --END-- [ RunTime:0.009697s ]
INFO: [ app_begin ] --START--
INFO: Run Behavior\ReadHtmlCacheBehavior [ RunTime:0.001981s ]
INFO: [ app_begin ] --END-- [ RunTime:0.002330s ]
INFO: [ view_parse ] --START--
INFO: [ template_filter ] --START--
INFO: Run Behavior\ContentReplaceBehavior [ RunTime:0.000382s ]
INFO: [ template_filter ] --END-- [ RunTime:0.000722s ]
NOTIC: [8] Use of undefined constant register - assumed 'register' F:\wamp\www\928diuba\App\Runtime\Cache\Home\cadf8ee5853ee307883d6c8704e48fa4.php 第 105 行.
INFO: Run Behavior\ParseTemplateBehavior [ RunTime:0.090732s ]
INFO: [ view_parse ] --END-- [ RunTime:0.091058s ]
INFO: [ view_filter ] --START--
INFO: Run Behavior\WriteHtmlCacheBehavior [ RunTime:0.001213s ]
INFO: [ view_filter ] --END-- [ RunTime:0.001473s ]
INFO: [ app_end ] --START--
INFO: Run Behavior\ShowPageTraceBehavior [ RunTime:0.002348s ]
INFO: [ app_end ] --END-- [ RunTime:0.002692s ]

[ 2016-10-21T16:31:39+08:00 ] 127.0.0.1 /928diuba/Home/Users/register.html
INFO: [ app_init ] --START--
INFO: Run Behavior\BuildLiteBehavior [ RunTime:0.000068s ]
INFO: [ app_init ] --END-- [ RunTime:0.001877s ]
INFO: [ app_begin ] --START--
INFO: Run Behavior\ReadHtmlCacheBehavior [ RunTime:0.002840s ]
INFO: [ app_begin ] --END-- [ RunTime:0.003320s ]
SQL: SHOW COLUMNS FROM `diuba_users` [ RunTime:0.0211s ]
SQL: SELECT * FROM `diuba_users` WHERE `telephone` = '15382290859' LIMIT 1   [ RunTime:0.0008s ]
INFO: [ view_parse ] --START--
INFO: [ template_filter ] --START--
INFO: Run Behavior\ContentReplaceBehavior [ RunTime:0.000156s ]
INFO: [ template_filter ] --END-- [ RunTime:0.000453s ]
INFO: Run Behavior\ParseTemplateBehavior [ RunTime:0.028922s ]
INFO: [ view_parse ] --END-- [ RunTime:0.029229s ]
INFO: [ view_filter ] --START--
INFO: Run Behavior\WriteHtmlCacheBehavior [ RunTime:0.003049s ]
INFO: [ view_filter ] --END-- [ RunTime:0.003353s ]

