[ 2016-10-14T14:34:02+08:00 ] 127.0.0.1 /928diuba/index.php/Home/View/Index/index.php
INFO: [ app_init ] --START--
INFO: Run Behavior\BuildLiteBehavior [ RunTime:0.000041s ]
INFO: [ app_init ] --END-- [ RunTime:0.000862s ]
INFO: [ app_begin ] --START--
INFO: Run Behavior\ReadHtmlCacheBehavior [ RunTime:0.001166s ]
INFO: [ app_begin ] --END-- [ RunTime:0.001330s ]
ERR: 无法加载控制器:View

[ 2016-10-14T14:34:08+08:00 ] 127.0.0.1 /928diuba/index.php/Home/View/Index/index
INFO: [ app_init ] --START--
INFO: Run Behavior\BuildLiteBehavior [ RunTime:0.000057s ]
INFO: [ app_init ] --END-- [ RunTime:0.001368s ]
INFO: [ app_begin ] --START--
INFO: Run Behavior\ReadHtmlCacheBehavior [ RunTime:0.001163s ]
INFO: [ app_begin ] --END-- [ RunTime:0.001333s ]
ERR: 无法加载控制器:View

[ 2016-10-14T14:37:52+08:00 ] 127.0.0.1 /928diuba/index.php/Home/View/Index/index
INFO: [ app_init ] --START--
INFO: Run Behavior\BuildLiteBehavior [ RunTime:0.000036s ]
INFO: [ app_init ] --END-- [ RunTime:0.000767s ]
INFO: [ app_begin ] --START--
INFO: Run Behavior\ReadHtmlCacheBehavior [ RunTime:0.001149s ]
INFO: [ app_begin ] --END-- [ RunTime:0.001318s ]
ERR: 无法加载控制器:View

[ 2016-10-14T14:37:54+08:00 ] 127.0.0.1 /928diuba/index.php/Home/View/Index/index
INFO: [ app_init ] --START--
INFO: Run Behavior\BuildLiteBehavior [ RunTime:0.000036s ]
INFO: [ app_init ] --END-- [ RunTime:0.000654s ]
INFO: [ app_begin ] --START--
INFO: Run Behavior\ReadHtmlCacheBehavior [ RunTime:0.000791s ]
INFO: [ app_begin ] --END-- [ RunTime:0.000946s ]
ERR: 无法加载控制器:View

[ 2016-10-14T14:37:54+08:00 ] 127.0.0.1 /928diuba/index.php/Home/View/Index/index
INFO: [ app_init ] --START--
INFO: Run Behavior\BuildLiteBehavior [ RunTime:0.000038s ]
INFO: [ app_init ] --END-- [ RunTime:0.000720s ]
INFO: [ app_begin ] --START--
INFO: Run Behavior\ReadHtmlCacheBehavior [ RunTime:0.000848s ]
INFO: [ app_begin ] --END-- [ RunTime:0.001031s ]
ERR: 无法加载控制器:View

[ 2016-10-14T14:37:55+08:00 ] 127.0.0.1 /928diuba/index.php/Home/View/Index/index
INFO: [ app_init ] --START--
INFO: Run Behavior\BuildLiteBehavior [ RunTime:0.000055s ]
INFO: [ app_init ] --END-- [ RunTime:0.001098s ]
INFO: [ app_begin ] --START--
INFO: Run Behavior\ReadHtmlCacheBehavior [ RunTime:0.001450s ]
INFO: [ app_begin ] --END-- [ RunTime:0.001689s ]
ERR: 无法加载控制器:View

[ 2016-10-14T14:37:55+08:00 ] 127.0.0.1 /928diuba/index.php/Home/View/Index/index
INFO: [ app_init ] --START--
INFO: Run Behavior\BuildLiteBehavior [ RunTime:0.000054s ]
INFO: [ app_init ] --END-- [ RunTime:0.000926s ]
INFO: [ app_begin ] --START--
INFO: Run Behavior\ReadHtmlCacheBehavior [ RunTime:0.000813s ]
INFO: [ app_begin ] --END-- [ RunTime:0.000970s ]
ERR: 无法加载控制器:View

[ 2016-10-14T14:37:55+08:00 ] 127.0.0.1 /928diuba/index.php/Home/View/Index/index
INFO: [ app_init ] --START--
INFO: Run Behavior\BuildLiteBehavior [ RunTime:0.000055s ]
INFO: [ app_init ] --END-- [ RunTime:0.000962s ]
INFO: [ app_begin ] --START--
INFO: Run Behavior\ReadHtmlCacheBehavior [ RunTime:0.001134s ]
INFO: [ app_begin ] --END-- [ RunTime:0.001372s ]
ERR: 无法加载控制器:View

[ 2016-10-14T14:41:55+08:00 ] 127.0.0.1 /928diuba/index.php/Home/Index/index
INFO: [ app_init ] --START--
INFO: Run Behavior\BuildLiteBehavior [ RunTime:0.000037s ]
INFO: [ app_init ] --END-- [ RunTime:0.000990s ]
INFO: [ app_begin ] --START--
INFO: Run Behavior\ReadHtmlCacheBehavior [ RunTime:0.001220s ]
INFO: [ app_begin ] --END-- [ RunTime:0.001392s ]
INFO: [ view_parse ] --START--
INFO: [ template_filter ] --START--
INFO: Run Behavior\ContentReplaceBehavior [ RunTime:0.000423s ]
INFO: [ template_filter ] --END-- [ RunTime:0.000681s ]
INFO: Run Behavior\ParseTemplateBehavior [ RunTime:0.039029s ]
INFO: [ view_parse ] --END-- [ RunTime:0.039265s ]
INFO: [ view_filter ] --START--
INFO: Run Behavior\WriteHtmlCacheBehavior [ RunTime:0.001062s ]
INFO: [ view_filter ] --END-- [ RunTime:0.001300s ]
INFO: [ app_end ] --START--
INFO: Run Behavior\ShowPageTraceBehavior [ RunTime:0.001589s ]
INFO: [ app_end ] --END-- [ RunTime:0.001832s ]

[ 2016-10-14T15:33:11+08:00 ] 127.0.0.1 /928diuba/index.php/Home/Index/index
INFO: [ app_init ] --START--
INFO: Run Behavior\BuildLiteBehavior [ RunTime:0.000031s ]
INFO: [ app_init ] --END-- [ RunTime:0.000680s ]
INFO: [ app_begin ] --START--
INFO: Run Behavior\ReadHtmlCacheBehavior [ RunTime:0.001186s ]
INFO: [ app_begin ] --END-- [ RunTime:0.001313s ]
INFO: [ view_parse ] --START--
INFO: [ template_filter ] --START--
INFO: Run Behavior\ContentReplaceBehavior [ RunTime:0.000200s ]
INFO: [ template_filter ] --END-- [ RunTime:0.000330s ]
INFO: Run Behavior\ParseTemplateBehavior [ RunTime:0.023580s ]
INFO: [ view_parse ] --END-- [ RunTime:0.023799s ]
INFO: [ view_filter ] --START--
INFO: Run Behavior\WriteHtmlCacheBehavior [ RunTime:0.001533s ]
INFO: [ view_filter ] --END-- [ RunTime:0.001704s ]
INFO: [ app_end ] --START--
INFO: Run Behavior\ShowPageTraceBehavior [ RunTime:0.001195s ]
INFO: [ app_end ] --END-- [ RunTime:0.001306s ]

[ 2016-10-14T15:36:38+08:00 ] 127.0.0.1 /928diuba/index.php/Home/Index/index
INFO: [ app_init ] --START--
INFO: Run Behavior\BuildLiteBehavior [ RunTime:0.000027s ]
INFO: [ app_init ] --END-- [ RunTime:0.000650s ]
INFO: [ app_begin ] --START--
INFO: Run Behavior\ReadHtmlCacheBehavior [ RunTime:0.001446s ]
INFO: [ app_begin ] --END-- [ RunTime:0.001591s ]
INFO: [ view_parse ] --START--
INFO: [ template_filter ] --START--
INFO: Run Behavior\ContentReplaceBehavior [ RunTime:0.000213s ]
INFO: [ template_filter ] --END-- [ RunTime:0.000342s ]
INFO: Run Behavior\ParseTemplateBehavior [ RunTime:0.018471s ]
INFO: [ view_parse ] --END-- [ RunTime:0.018654s ]
INFO: [ view_filter ] --START--
INFO: Run Behavior\WriteHtmlCacheBehavior [ RunTime:0.001295s ]
INFO: [ view_filter ] --END-- [ RunTime:0.001473s ]
SQL: SHOW COLUMNS FROM `diuba_lost` [ RunTime:0.0084s ]
SQL: SHOW COLUMNS FROM `diuba_find` [ RunTime:0.0082s ]
SQL: SELECT COUNT(*) AS tp_count FROM `diuba_lost` LIMIT 1   [ RunTime:0.0004s ]
SQL: SELECT COUNT(*) AS tp_count FROM `diuba_find` LIMIT 1   [ RunTime:0.0003s ]
ERR: SQLSTATE[42S22]: Column not found: 1054 Unknown column 'isfinish' in 'where clause'

[ 2016-10-14T15:37:36+08:00 ] 127.0.0.1 /928diuba/index.php/Home/Index/index
INFO: [ app_init ] --START--
INFO: Run Behavior\BuildLiteBehavior [ RunTime:0.000050s ]
INFO: [ app_init ] --END-- [ RunTime:0.001248s ]
INFO: [ app_begin ] --START--
INFO: Run Behavior\ReadHtmlCacheBehavior [ RunTime:0.001206s ]
INFO: [ app_begin ] --END-- [ RunTime:0.001341s ]
INFO: [ view_parse ] --START--
INFO: [ template_filter ] --START--
INFO: Run Behavior\ContentReplaceBehavior [ RunTime:0.000238s ]
INFO: [ template_filter ] --END-- [ RunTime:0.000412s ]
NOTIC: [8] Undefined variable: vo F:\wamp\www\928diuba\App\Runtime\Cache\Home\00e52909bed743ea261af4b6823297ff.php 第 141 行.
INFO: Run Behavior\ParseTemplateBehavior [ RunTime:0.020636s ]
INFO: [ view_parse ] --END-- [ RunTime:0.020757s ]
INFO: [ view_filter ] --START--
INFO: Run Behavior\WriteHtmlCacheBehavior [ RunTime:0.001529s ]
INFO: [ view_filter ] --END-- [ RunTime:0.001700s ]
SQL: SHOW COLUMNS FROM `diuba_lost` [ RunTime:0.0085s ]
SQL: SHOW COLUMNS FROM `diuba_find` [ RunTime:0.0081s ]
SQL: SELECT COUNT(*) AS tp_count FROM `diuba_lost` LIMIT 1   [ RunTime:0.0003s ]
SQL: SELECT COUNT(*) AS tp_count FROM `diuba_find` LIMIT 1   [ RunTime:0.0005s ]
ERR: SQLSTATE[42S22]: Column not found: 1054 Unknown column 'isfinish' in 'where clause'

[ 2016-10-14T15:38:08+08:00 ] 127.0.0.1 /928diuba/index.php/Home/Index/index
INFO: [ app_init ] --START--
INFO: Run Behavior\BuildLiteBehavior [ RunTime:0.000030s ]
INFO: [ app_init ] --END-- [ RunTime:0.000576s ]
INFO: [ app_begin ] --START--
INFO: Run Behavior\ReadHtmlCacheBehavior [ RunTime:0.001188s ]
INFO: [ app_begin ] --END-- [ RunTime:0.001305s ]
INFO: [ view_parse ] --START--
INFO: [ template_filter ] --START--
INFO: Run Behavior\ContentReplaceBehavior [ RunTime:0.000253s ]
INFO: [ template_filter ] --END-- [ RunTime:0.000383s ]
NOTIC: [8] Undefined variable: lostnum F:\wamp\www\928diuba\App\Runtime\Cache\Home\00e52909bed743ea261af4b6823297ff.php 第 141 行.
NOTIC: [8] Undefined variable: vo F:\wamp\www\928diuba\App\Runtime\Cache\Home\00e52909bed743ea261af4b6823297ff.php 第 141 行.
INFO: Run Behavior\ParseTemplateBehavior [ RunTime:0.025260s ]
INFO: [ view_parse ] --END-- [ RunTime:0.025396s ]
INFO: [ view_filter ] --START--
INFO: Run Behavior\WriteHtmlCacheBehavior [ RunTime:0.000880s ]
INFO: [ view_filter ] --END-- [ RunTime:0.000987s ]
SQL: SHOW COLUMNS FROM `diuba_lost` [ RunTime:0.0103s ]
SQL: SHOW COLUMNS FROM `diuba_find` [ RunTime:0.0106s ]
SQL: SELECT COUNT(*) AS tp_count FROM `diuba_lost` LIMIT 1   [ RunTime:0.0007s ]
SQL: SELECT COUNT(*) AS tp_count FROM `diuba_find` LIMIT 1   [ RunTime:0.0003s ]
ERR: SQLSTATE[42S22]: Column not found: 1054 Unknown column 'isfinish' in 'where clause'

[ 2016-10-14T15:39:44+08:00 ] 127.0.0.1 /928diuba/index.php/Home/Index/index
INFO: [ app_init ] --START--
INFO: Run Behavior\BuildLiteBehavior [ RunTime:0.000033s ]
INFO: [ app_init ] --END-- [ RunTime:0.000736s ]
INFO: [ app_begin ] --START--
INFO: Run Behavior\ReadHtmlCacheBehavior [ RunTime:0.001915s ]
INFO: [ app_begin ] --END-- [ RunTime:0.002522s ]
INFO: [ view_parse ] --START--
INFO: [ template_filter ] --START--
INFO: Run Behavior\ContentReplaceBehavior [ RunTime:0.000199s ]
INFO: [ template_filter ] --END-- [ RunTime:0.000335s ]
INFO: Run Behavior\ParseTemplateBehavior [ RunTime:0.017236s ]
INFO: [ view_parse ] --END-- [ RunTime:0.017414s ]
INFO: [ view_filter ] --START--
INFO: Run Behavior\WriteHtmlCacheBehavior [ RunTime:0.000785s ]
INFO: [ view_filter ] --END-- [ RunTime:0.000886s ]
SQL: SHOW COLUMNS FROM `diuba_lost` [ RunTime:0.0094s ]
SQL: SHOW COLUMNS FROM `diuba_find` [ RunTime:0.0139s ]
SQL: SELECT COUNT(*) AS tp_count FROM `diuba_lost` LIMIT 1   [ RunTime:0.0006s ]
SQL: SELECT COUNT(*) AS tp_count FROM `diuba_find` LIMIT 1   [ RunTime:0.0003s ]
ERR: SQLSTATE[42S22]: Column not found: 1054 Unknown column 'isfinish' in 'where clause'

[ 2016-10-14T15:41:45+08:00 ] 127.0.0.1 /928diuba/index.php/Home/Index/index
INFO: [ app_init ] --START--
INFO: Run Behavior\BuildLiteBehavior [ RunTime:0.000032s ]
INFO: [ app_init ] --END-- [ RunTime:0.000545s ]
INFO: [ app_begin ] --START--
INFO: Run Behavior\ReadHtmlCacheBehavior [ RunTime:0.000883s ]
INFO: [ app_begin ] --END-- [ RunTime:0.001042s ]
INFO: [ view_parse ] --START--
INFO: [ template_filter ] --START--
INFO: Run Behavior\ContentReplaceBehavior [ RunTime:0.000298s ]
INFO: [ template_filter ] --END-- [ RunTime:0.000503s ]
INFO: Run Behavior\ParseTemplateBehavior [ RunTime:0.039612s ]
INFO: [ view_parse ] --END-- [ RunTime:0.039837s ]
INFO: [ view_filter ] --START--
INFO: Run Behavior\WriteHtmlCacheBehavior [ RunTime:0.000970s ]
INFO: [ view_filter ] --END-- [ RunTime:0.001160s ]
SQL: SHOW COLUMNS FROM `diuba_lost` [ RunTime:0.0083s ]
SQL: SHOW COLUMNS FROM `diuba_find` [ RunTime:0.0097s ]
SQL: SELECT COUNT(*) AS tp_count FROM `diuba_lost` LIMIT 1   [ RunTime:0.0004s ]
SQL: SELECT COUNT(*) AS tp_count FROM `diuba_find` LIMIT 1   [ RunTime:0.0002s ]
ERR: SQLSTATE[42S22]: Column not found: 1054 Unknown column 'isfinish' in 'where clause'

[ 2016-10-14T15:42:38+08:00 ] 127.0.0.1 /928diuba/index.php/Home/Index/index
INFO: [ app_init ] --START--
INFO: Run Behavior\BuildLiteBehavior [ RunTime:0.000031s ]
INFO: [ app_init ] --END-- [ RunTime:0.000571s ]
INFO: [ app_begin ] --START--
INFO: Run Behavior\ReadHtmlCacheBehavior [ RunTime:0.001174s ]
INFO: [ app_begin ] --END-- [ RunTime:0.001305s ]
INFO: [ view_parse ] --START--
INFO: [ template_filter ] --START--
INFO: Run Behavior\ContentReplaceBehavior [ RunTime:0.000220s ]
INFO: [ template_filter ] --END-- [ RunTime:0.000346s ]
INFO: Run Behavior\ParseTemplateBehavior [ RunTime:0.015019s ]
INFO: [ view_parse ] --END-- [ RunTime:0.015189s ]
INFO: [ view_filter ] --START--
INFO: Run Behavior\WriteHtmlCacheBehavior [ RunTime:0.000994s ]
INFO: [ view_filter ] --END-- [ RunTime:0.001155s ]
SQL: SHOW COLUMNS FROM `diuba_lost` [ RunTime:0.0088s ]
SQL: SHOW COLUMNS FROM `diuba_find` [ RunTime:0.0102s ]
SQL: SELECT COUNT(*) AS tp_count FROM `diuba_lost` LIMIT 1   [ RunTime:0.0004s ]
SQL: SELECT COUNT(*) AS tp_count FROM `diuba_find` LIMIT 1   [ RunTime:0.0003s ]
ERR: SQLSTATE[42S22]: Column not found: 1054 Unknown column 'isfinish' in 'where clause'

[ 2016-10-14T15:45:05+08:00 ] 127.0.0.1 /928diuba/index.php/Home/Index/index
INFO: [ app_init ] --START--
INFO: Run Behavior\BuildLiteBehavior [ RunTime:0.000046s ]
INFO: [ app_init ] --END-- [ RunTime:0.000841s ]
INFO: [ app_begin ] --START--
INFO: Run Behavior\ReadHtmlCacheBehavior [ RunTime:0.001569s ]
INFO: [ app_begin ] --END-- [ RunTime:0.001825s ]
INFO: [ view_parse ] --START--
INFO: [ template_filter ] --START--
INFO: Run Behavior\ContentReplaceBehavior [ RunTime:0.000322s ]
INFO: [ template_filter ] --END-- [ RunTime:0.000535s ]
INFO: Run Behavior\ParseTemplateBehavior [ RunTime:0.024838s ]
INFO: [ view_parse ] --END-- [ RunTime:0.025128s ]
INFO: [ view_filter ] --START--
INFO: Run Behavior\WriteHtmlCacheBehavior [ RunTime:0.001078s ]
INFO: [ view_filter ] --END-- [ RunTime:0.001265s ]
SQL: SHOW COLUMNS FROM `diuba_lost` [ RunTime:0.0106s ]
SQL: SHOW COLUMNS FROM `diuba_find` [ RunTime:0.0106s ]
SQL: SELECT COUNT(*) AS tp_count FROM `diuba_lost` LIMIT 1   [ RunTime:0.0020s ]
SQL: SELECT COUNT(*) AS tp_count FROM `diuba_find` LIMIT 1   [ RunTime:0.0010s ]
ERR: SQLSTATE[42S22]: Column not found: 1054 Unknown column 'isfinish' in 'where clause'

[ 2016-10-14T15:45:30+08:00 ] 127.0.0.1 /928diuba/index.php/Home/Index/index
INFO: [ app_init ] --START--
INFO: Run Behavior\BuildLiteBehavior [ RunTime:0.000029s ]
INFO: [ app_init ] --END-- [ RunTime:0.000552s ]
INFO: [ app_begin ] --START--
INFO: Run Behavior\ReadHtmlCacheBehavior [ RunTime:0.000976s ]
INFO: [ app_begin ] --END-- [ RunTime:0.001108s ]
INFO: [ view_parse ] --START--
INFO: [ template_filter ] --START--
INFO: Run Behavior\ContentReplaceBehavior [ RunTime:0.000312s ]
INFO: [ template_filter ] --END-- [ RunTime:0.000522s ]
INFO: Run Behavior\ParseTemplateBehavior [ RunTime:0.019694s ]
INFO: [ view_parse ] --END-- [ RunTime:0.019869s ]
INFO: [ view_filter ] --START--
INFO: Run Behavior\WriteHtmlCacheBehavior [ RunTime:0.000932s ]
INFO: [ view_filter ] --END-- [ RunTime:0.001102s ]
SQL: SHOW COLUMNS FROM `diuba_lost` [ RunTime:0.0082s ]
SQL: SHOW COLUMNS FROM `diuba_find` [ RunTime:0.0115s ]
SQL: SELECT COUNT(*) AS tp_count FROM `diuba_lost` LIMIT 1   [ RunTime:0.0007s ]
SQL: SELECT COUNT(*) AS tp_count FROM `diuba_find` LIMIT 1   [ RunTime:0.0005s ]
ERR: SQLSTATE[42S22]: Column not found: 1054 Unknown column 'isfinish' in 'where clause'

[ 2016-10-14T15:46:25+08:00 ] 127.0.0.1 /928diuba/index.php/Home/Index/index
INFO: [ app_init ] --START--
INFO: Run Behavior\BuildLiteBehavior [ RunTime:0.000043s ]
INFO: [ app_init ] --END-- [ RunTime:0.000638s ]
INFO: [ app_begin ] --START--
INFO: Run Behavior\ReadHtmlCacheBehavior [ RunTime:0.001383s ]
INFO: [ app_begin ] --END-- [ RunTime:0.001550s ]
INFO: [ view_parse ] --START--
INFO: [ template_filter ] --START--
INFO: Run Behavior\ContentReplaceBehavior [ RunTime:0.000350s ]
INFO: [ template_filter ] --END-- [ RunTime:0.000560s ]
INFO: Run Behavior\ParseTemplateBehavior [ RunTime:0.018055s ]
INFO: [ view_parse ] --END-- [ RunTime:0.018237s ]
INFO: [ view_filter ] --START--
INFO: Run Behavior\WriteHtmlCacheBehavior [ RunTime:0.001579s ]
INFO: [ view_filter ] --END-- [ RunTime:0.001774s ]
SQL: SHOW COLUMNS FROM `diuba_lost` [ RunTime:0.0083s ]
SQL: SHOW COLUMNS FROM `diuba_find` [ RunTime:0.0086s ]
SQL: SELECT COUNT(*) AS tp_count FROM `diuba_lost` LIMIT 1   [ RunTime:0.0003s ]
SQL: SELECT COUNT(*) AS tp_count FROM `diuba_find` LIMIT 1   [ RunTime:0.0002s ]
ERR: SQLSTATE[42S22]: Column not found: 1054 Unknown column 'isfinish' in 'where clause'

[ 2016-10-14T15:55:50+08:00 ] 127.0.0.1 /928diuba/index.php/Home/Index/index
INFO: [ app_init ] --START--
INFO: Run Behavior\BuildLiteBehavior [ RunTime:0.000028s ]
INFO: [ app_init ] --END-- [ RunTime:0.000572s ]
INFO: [ app_begin ] --START--
INFO: Run Behavior\ReadHtmlCacheBehavior [ RunTime:0.001956s ]
INFO: [ app_begin ] --END-- [ RunTime:0.002296s ]
INFO: [ view_parse ] --START--
INFO: [ template_filter ] --START--
INFO: Run Behavior\ContentReplaceBehavior [ RunTime:0.000183s ]
INFO: [ template_filter ] --END-- [ RunTime:0.000307s ]
NOTIC: [8] Undefined variable: lostlist F:\wamp\www\928diuba\App\Runtime\Cache\Home\00e52909bed743ea261af4b6823297ff.php 第 159 行.
INFO: Run Behavior\ParseTemplateBehavior [ RunTime:0.024148s ]
INFO: [ view_parse ] --END-- [ RunTime:0.024478s ]
INFO: [ view_filter ] --START--
INFO: Run Behavior\WriteHtmlCacheBehavior [ RunTime:0.001552s ]
INFO: [ view_filter ] --END-- [ RunTime:0.001736s ]
SQL: SHOW COLUMNS FROM `diuba_lost` [ RunTime:0.0093s ]
SQL: SHOW COLUMNS FROM `diuba_find` [ RunTime:0.0082s ]
SQL: SELECT COUNT(*) AS tp_count FROM `diuba_lost` LIMIT 1   [ RunTime:0.0003s ]
SQL: SELECT COUNT(*) AS tp_count FROM `diuba_find` LIMIT 1   [ RunTime:0.0002s ]
ERR: SQLSTATE[42S22]: Column not found: 1054 Unknown column 'isfinish' in 'where clause'

[ 2016-10-14T16:06:30+08:00 ] 127.0.0.1 /928diuba/index.php/Home/Index/index
INFO: [ app_init ] --START--
INFO: Run Behavior\BuildLiteBehavior [ RunTime:0.000042s ]
INFO: [ app_init ] --END-- [ RunTime:0.000940s ]
INFO: [ app_begin ] --START--
INFO: Run Behavior\ReadHtmlCacheBehavior [ RunTime:0.001596s ]
INFO: [ app_begin ] --END-- [ RunTime:0.001844s ]
INFO: [ view_parse ] --START--
INFO: [ template_filter ] --START--
INFO: Run Behavior\ContentReplaceBehavior [ RunTime:0.000181s ]
INFO: [ template_filter ] --END-- [ RunTime:0.000299s ]
NOTIC: [8] Undefined variable: lostnum F:\wamp\www\928diuba\App\Runtime\Cache\Home\00e52909bed743ea261af4b6823297ff.php 第 141 行.
NOTIC: [8] Undefined variable: findnum F:\wamp\www\928diuba\App\Runtime\Cache\Home\00e52909bed743ea261af4b6823297ff.php 第 141 行.
NOTIC: [8] Undefined variable: lostlist F:\wamp\www\928diuba\App\Runtime\Cache\Home\00e52909bed743ea261af4b6823297ff.php 第 159 行.
INFO: Run Behavior\ParseTemplateBehavior [ RunTime:0.021941s ]
INFO: [ view_parse ] --END-- [ RunTime:0.022103s ]
INFO: [ view_filter ] --START--
INFO: Run Behavior\WriteHtmlCacheBehavior [ RunTime:0.001009s ]
INFO: [ view_filter ] --END-- [ RunTime:0.001124s ]
ERR: SQLSTATE[42S02]: Base table or view not found: 1146 Table 'diuba.diuba_lost' doesn't exist

[ 2016-10-14T16:10:00+08:00 ] 127.0.0.1 /928diuba/index.php/Home/Index/index
INFO: [ app_init ] --START--
INFO: Run Behavior\BuildLiteBehavior [ RunTime:0.000029s ]
INFO: [ app_init ] --END-- [ RunTime:0.000554s ]
INFO: [ app_begin ] --START--
INFO: Run Behavior\ReadHtmlCacheBehavior [ RunTime:0.001638s ]
INFO: [ app_begin ] --END-- [ RunTime:0.001839s ]
INFO: [ view_parse ] --START--
INFO: [ template_filter ] --START--
INFO: Run Behavior\ContentReplaceBehavior [ RunTime:0.000290s ]
INFO: [ template_filter ] --END-- [ RunTime:0.000497s ]
NOTIC: [8] Undefined variable: lostnum F:\wamp\www\928diuba\App\Runtime\Cache\Home\00e52909bed743ea261af4b6823297ff.php 第 141 行.
NOTIC: [8] Undefined variable: findnum F:\wamp\www\928diuba\App\Runtime\Cache\Home\00e52909bed743ea261af4b6823297ff.php 第 141 行.
NOTIC: [8] Undefined variable: all F:\wamp\www\928diuba\App\Runtime\Cache\Home\00e52909bed743ea261af4b6823297ff.php 第 141 行.
NOTIC: [8] Undefined variable: lostlist F:\wamp\www\928diuba\App\Runtime\Cache\Home\00e52909bed743ea261af4b6823297ff.php 第 159 行.
INFO: Run Behavior\ParseTemplateBehavior [ RunTime:0.018018s ]
INFO: [ view_parse ] --END-- [ RunTime:0.018152s ]
INFO: [ view_filter ] --START--
INFO: Run Behavior\WriteHtmlCacheBehavior [ RunTime:0.000901s ]
INFO: [ view_filter ] --END-- [ RunTime:0.001011s ]
ERR: SQLSTATE[42S02]: Base table or view not found: 1146 Table 'diuba.diuba_lost' doesn't exist

[ 2016-10-14T16:13:06+08:00 ] 127.0.0.1 /928diuba/index.php/Home/Index/index
INFO: [ app_init ] --START--
INFO: Run Behavior\BuildLiteBehavior [ RunTime:0.000044s ]
INFO: [ app_init ] --END-- [ RunTime:0.000818s ]
INFO: [ app_begin ] --START--
INFO: Run Behavior\ReadHtmlCacheBehavior [ RunTime:0.001171s ]
INFO: [ app_begin ] --END-- [ RunTime:0.001322s ]
INFO: [ view_parse ] --START--
INFO: [ template_filter ] --START--
INFO: Run Behavior\ContentReplaceBehavior [ RunTime:0.000182s ]
INFO: [ template_filter ] --END-- [ RunTime:0.000297s ]
NOTIC: [8] Undefined variable: lostnum F:\wamp\www\928diuba\App\Runtime\Cache\Home\00e52909bed743ea261af4b6823297ff.php 第 141 行.
NOTIC: [8] Undefined variable: findnum F:\wamp\www\928diuba\App\Runtime\Cache\Home\00e52909bed743ea261af4b6823297ff.php 第 141 行.
NOTIC: [8] Undefined variable: all F:\wamp\www\928diuba\App\Runtime\Cache\Home\00e52909bed743ea261af4b6823297ff.php 第 141 行.
NOTIC: [8] Undefined variable: lostlist F:\wamp\www\928diuba\App\Runtime\Cache\Home\00e52909bed743ea261af4b6823297ff.php 第 159 行.
INFO: Run Behavior\ParseTemplateBehavior [ RunTime:0.019140s ]
INFO: [ view_parse ] --END-- [ RunTime:0.019604s ]
INFO: [ view_filter ] --START--
INFO: Run Behavior\WriteHtmlCacheBehavior [ RunTime:0.000762s ]
INFO: [ view_filter ] --END-- [ RunTime:0.000888s ]
SQL: SHOW COLUMNS FROM `diuba_losts` [ RunTime:0.0093s ]
SQL: SHOW COLUMNS FROM `diuba_find` [ RunTime:0.0094s ]
SQL: SELECT COUNT(*) AS tp_count FROM `diuba_losts` LIMIT 1   [ RunTime:0.0003s ]
SQL: SELECT COUNT(*) AS tp_count FROM `diuba_find` LIMIT 1   [ RunTime:0.0002s ]
SQL: SELECT COUNT(*) AS tp_count FROM `diuba_losts` WHERE ( isfinish=1 ) LIMIT 1   [ RunTime:0.0002s ]
SQL: SELECT COUNT(*) AS tp_count FROM `diuba_find` WHERE ( isfinish=1 ) LIMIT 1   [ RunTime:0.0003s ]
ERR: SQLSTATE[42000]: Syntax error or access violation: 1064 You have an error in your SQL syntax; check the manual that corresponds to your MySQL server version for the right syntax to use near 'id desc LIMIT 4' at line 1

[ 2016-10-14T16:14:08+08:00 ] 127.0.0.1 /928diuba/index.php/Home/Index/index
INFO: [ app_init ] --START--
INFO: Run Behavior\BuildLiteBehavior [ RunTime:0.000028s ]
INFO: [ app_init ] --END-- [ RunTime:0.000578s ]
INFO: [ app_begin ] --START--
INFO: Run Behavior\ReadHtmlCacheBehavior [ RunTime:0.000978s ]
INFO: [ app_begin ] --END-- [ RunTime:0.001090s ]
INFO: [ view_parse ] --START--
INFO: [ template_filter ] --START--
INFO: Run Behavior\ContentReplaceBehavior [ RunTime:0.000180s ]
INFO: [ template_filter ] --END-- [ RunTime:0.000298s ]
NOTIC: [8] Undefined variable: lostnum F:\wamp\www\928diuba\App\Runtime\Cache\Home\00e52909bed743ea261af4b6823297ff.php 第 141 行.
NOTIC: [8] Undefined variable: findnum F:\wamp\www\928diuba\App\Runtime\Cache\Home\00e52909bed743ea261af4b6823297ff.php 第 141 行.
NOTIC: [8] Undefined variable: all F:\wamp\www\928diuba\App\Runtime\Cache\Home\00e52909bed743ea261af4b6823297ff.php 第 141 行.
NOTIC: [8] Undefined variable: lostlist F:\wamp\www\928diuba\App\Runtime\Cache\Home\00e52909bed743ea261af4b6823297ff.php 第 159 行.
INFO: Run Behavior\ParseTemplateBehavior [ RunTime:0.021016s ]
INFO: [ view_parse ] --END-- [ RunTime:0.021160s ]
INFO: [ view_filter ] --START--
INFO: Run Behavior\WriteHtmlCacheBehavior [ RunTime:0.001004s ]
INFO: [ view_filter ] --END-- [ RunTime:0.001160s ]
SQL: SHOW COLUMNS FROM `diuba_losts` [ RunTime:0.0106s ]
SQL: SHOW COLUMNS FROM `diuba_find` [ RunTime:0.0102s ]
SQL: SELECT COUNT(*) AS tp_count FROM `diuba_losts` LIMIT 1   [ RunTime:0.0007s ]
SQL: SELECT COUNT(*) AS tp_count FROM `diuba_find` LIMIT 1   [ RunTime:0.0007s ]
SQL: SELECT COUNT(*) AS tp_count FROM `diuba_losts` WHERE ( isfinish=1 ) LIMIT 1   [ RunTime:0.0006s ]
SQL: SELECT COUNT(*) AS tp_count FROM `diuba_find` WHERE ( isfinish=1 ) LIMIT 1   [ RunTime:0.0004s ]
SQL: SELECT * FROM `diuba_losts` WHERE ( isfinish=0 ) ORDER BY isfirst desc LIMIT 4   [ RunTime:0.0008s ]
SQL: SELECT * FROM `diuba_find` WHERE ( isfinish=0 ) ORDER BY id desc LIMIT 4   [ RunTime:0.0003s ]
INFO: [ app_end ] --START--
INFO: Run Behavior\ShowPageTraceBehavior [ RunTime:0.001619s ]
INFO: [ app_end ] --END-- [ RunTime:0.001801s ]

[ 2016-10-14T16:14:47+08:00 ] 127.0.0.1 /928diuba/index.php/Home/Index/index
INFO: [ app_init ] --START--
INFO: Run Behavior\BuildLiteBehavior [ RunTime:0.000039s ]
INFO: [ app_init ] --END-- [ RunTime:0.000857s ]
INFO: [ app_begin ] --START--
INFO: Run Behavior\ReadHtmlCacheBehavior [ RunTime:0.001023s ]
INFO: [ app_begin ] --END-- [ RunTime:0.001146s ]
INFO: [ view_parse ] --START--
INFO: [ template_filter ] --START--
INFO: Run Behavior\ContentReplaceBehavior [ RunTime:0.000179s ]
INFO: [ template_filter ] --END-- [ RunTime:0.000297s ]
NOTIC: [8] Undefined variable: lostnum F:\wamp\www\928diuba\App\Runtime\Cache\Home\00e52909bed743ea261af4b6823297ff.php 第 141 行.
NOTIC: [8] Undefined variable: findnum F:\wamp\www\928diuba\App\Runtime\Cache\Home\00e52909bed743ea261af4b6823297ff.php 第 141 行.
NOTIC: [8] Undefined variable: all F:\wamp\www\928diuba\App\Runtime\Cache\Home\00e52909bed743ea261af4b6823297ff.php 第 141 行.
NOTIC: [8] Undefined variable: lostlist F:\wamp\www\928diuba\App\Runtime\Cache\Home\00e52909bed743ea261af4b6823297ff.php 第 159 行.
INFO: Run Behavior\ParseTemplateBehavior [ RunTime:0.022221s ]
INFO: [ view_parse ] --END-- [ RunTime:0.022342s ]
INFO: [ view_filter ] --START--
INFO: Run Behavior\WriteHtmlCacheBehavior [ RunTime:0.000888s ]
INFO: [ view_filter ] --END-- [ RunTime:0.001000s ]
SQL: SHOW COLUMNS FROM `diuba_losts` [ RunTime:0.0101s ]
SQL: SHOW COLUMNS FROM `diuba_find` [ RunTime:0.0098s ]
SQL: SELECT COUNT(*) AS tp_count FROM `diuba_losts` LIMIT 1   [ RunTime:0.0005s ]
SQL: SELECT COUNT(*) AS tp_count FROM `diuba_find` LIMIT 1   [ RunTime:0.0004s ]
SQL: SELECT COUNT(*) AS tp_count FROM `diuba_losts` WHERE ( isfinish=1 ) LIMIT 1   [ RunTime:0.0004s ]
SQL: SELECT COUNT(*) AS tp_count FROM `diuba_find` WHERE ( isfinish=1 ) LIMIT 1   [ RunTime:0.0004s ]
SQL: SELECT * FROM `diuba_losts` WHERE ( isfinish=0 ) ORDER BY isfirst desc LIMIT 4   [ RunTime:0.0004s ]
SQL: SELECT * FROM `diuba_find` WHERE ( isfinish=0 ) ORDER BY id desc LIMIT 4   [ RunTime:0.0004s ]
INFO: [ view_parse ] --START--
INFO: [ template_filter ] --START--
INFO: Run Behavior\ContentReplaceBehavior [ RunTime:0.000266s ]
INFO: [ template_filter ] --END-- [ RunTime:-1.053403s ]
NOTIC: [8] Undefined index: lostdate F:\wamp\www\928diuba\App\Runtime\Cache\Home\00e52909bed743ea261af4b6823297ff.php 第 170 行.
NOTIC: [8] Undefined index: lostdate F:\wamp\www\928diuba\App\Runtime\Cache\Home\00e52909bed743ea261af4b6823297ff.php 第 170 行.
INFO: Run Behavior\ParseTemplateBehavior [ RunTime:0.014934s ]
INFO: [ view_parse ] --END-- [ RunTime:-1.038871s ]
INFO: [ view_filter ] --START--
INFO: Run Behavior\WriteHtmlCacheBehavior [ RunTime:0.000039s ]
INFO: [ view_filter ] --END-- [ RunTime:-1.053010s ]
INFO: [ app_end ] --START--
INFO: Run Behavior\ShowPageTraceBehavior [ RunTime:0.001638s ]
INFO: [ app_end ] --END-- [ RunTime:0.001813s ]

[ 2016-10-14T16:17:54+08:00 ] 127.0.0.1 /928diuba/index.php/Home/Index/index
INFO: [ app_init ] --START--
INFO: Run Behavior\BuildLiteBehavior [ RunTime:0.000180s ]
INFO: [ app_init ] --END-- [ RunTime:0.000834s ]
INFO: [ app_begin ] --START--
INFO: Run Behavior\ReadHtmlCacheBehavior [ RunTime:0.001164s ]
INFO: [ app_begin ] --END-- [ RunTime:0.001292s ]
INFO: [ view_parse ] --START--
INFO: [ template_filter ] --START--
INFO: Run Behavior\ContentReplaceBehavior [ RunTime:0.000215s ]
INFO: [ template_filter ] --END-- [ RunTime:0.000332s ]
NOTIC: [8] Undefined variable: lostnum F:\wamp\www\928diuba\App\Runtime\Cache\Home\00e52909bed743ea261af4b6823297ff.php 第 141 行.
NOTIC: [8] Undefined variable: findnum F:\wamp\www\928diuba\App\Runtime\Cache\Home\00e52909bed743ea261af4b6823297ff.php 第 141 行.
NOTIC: [8] Undefined variable: all F:\wamp\www\928diuba\App\Runtime\Cache\Home\00e52909bed743ea261af4b6823297ff.php 第 141 行.
NOTIC: [8] Undefined variable: lostlist F:\wamp\www\928diuba\App\Runtime\Cache\Home\00e52909bed743ea261af4b6823297ff.php 第 159 行.
NOTIC: [8] Undefined variable: lostlist F:\wamp\www\928diuba\App\Runtime\Cache\Home\00e52909bed743ea261af4b6823297ff.php 第 187 行.
INFO: Run Behavior\ParseTemplateBehavior [ RunTime:0.023296s ]
INFO: [ view_parse ] --END-- [ RunTime:0.023464s ]
INFO: [ view_filter ] --START--
INFO: Run Behavior\WriteHtmlCacheBehavior [ RunTime:0.001546s ]
INFO: [ view_filter ] --END-- [ RunTime:0.001737s ]
SQL: SHOW COLUMNS FROM `diuba_losts` [ RunTime:0.0085s ]
SQL: SHOW COLUMNS FROM `diuba_find` [ RunTime:0.0082s ]
SQL: SELECT COUNT(*) AS tp_count FROM `diuba_losts` LIMIT 1   [ RunTime:0.0003s ]
SQL: SELECT COUNT(*) AS tp_count FROM `diuba_find` LIMIT 1   [ RunTime:0.0003s ]
SQL: SELECT COUNT(*) AS tp_count FROM `diuba_losts` WHERE ( isfinish=1 ) LIMIT 1   [ RunTime:0.0004s ]
SQL: SELECT COUNT(*) AS tp_count FROM `diuba_find` WHERE ( isfinish=1 ) LIMIT 1   [ RunTime:0.0002s ]
SQL: SELECT * FROM `diuba_losts` WHERE ( isfinish=0 ) ORDER BY isfirst desc LIMIT 4   [ RunTime:0.0005s ]
SQL: SELECT * FROM `diuba_find` WHERE ( isfinish=0 ) ORDER BY id desc LIMIT 4   [ RunTime:0.0003s ]
INFO: [ view_parse ] --START--
INFO: [ template_filter ] --START--
INFO: Run Behavior\ContentReplaceBehavior [ RunTime:0.000218s ]
INFO: [ template_filter ] --END-- [ RunTime:-1.089349s ]
NOTIC: [8] Undefined index: lostdate F:\wamp\www\928diuba\App\Runtime\Cache\Home\00e52909bed743ea261af4b6823297ff.php 第 170 行.
NOTIC: [8] Undefined index: lostdate F:\wamp\www\928diuba\App\Runtime\Cache\Home\00e52909bed743ea261af4b6823297ff.php 第 170 行.
NOTIC: [8] Undefined index: lostdate F:\wamp\www\928diuba\App\Runtime\Cache\Home\00e52909bed743ea261af4b6823297ff.php 第 198 行.
NOTIC: [8] Undefined index: lostdate F:\wamp\www\928diuba\App\Runtime\Cache\Home\00e52909bed743ea261af4b6823297ff.php 第 198 行.
INFO: Run Behavior\ParseTemplateBehavior [ RunTime:0.015615s ]
INFO: [ view_parse ] --END-- [ RunTime:-1.071960s ]
INFO: [ view_filter ] --START--
INFO: Run Behavior\WriteHtmlCacheBehavior [ RunTime:0.000028s ]
INFO: [ view_filter ] --END-- [ RunTime:-1.085951s ]
INFO: [ app_end ] --START--
INFO: Run Behavior\ShowPageTraceBehavior [ RunTime:0.001234s ]
INFO: [ app_end ] --END-- [ RunTime:0.001373s ]

[ 2016-10-14T16:20:21+08:00 ] 127.0.0.1 /928diuba/index.php/Home/Index/index
INFO: [ app_init ] --START--
INFO: Run Behavior\BuildLiteBehavior [ RunTime:0.000052s ]
INFO: [ app_init ] --END-- [ RunTime:0.000963s ]
INFO: [ app_begin ] --START--
INFO: Run Behavior\ReadHtmlCacheBehavior [ RunTime:0.002193s ]
INFO: [ app_begin ] --END-- [ RunTime:0.002458s ]

[ 2016-10-14T16:20:34+08:00 ] 127.0.0.1 /928diuba/index.php/Home/Index/index
INFO: [ app_init ] --START--
INFO: Run Behavior\BuildLiteBehavior [ RunTime:0.000030s ]
INFO: [ app_init ] --END-- [ RunTime:0.000580s ]
INFO: [ app_begin ] --START--
INFO: Run Behavior\ReadHtmlCacheBehavior [ RunTime:0.000964s ]
INFO: [ app_begin ] --END-- [ RunTime:0.001092s ]
INFO: [ view_parse ] --START--
INFO: [ template_filter ] --START--
INFO: Run Behavior\ContentReplaceBehavior [ RunTime:0.000200s ]
INFO: [ template_filter ] --END-- [ RunTime:0.000330s ]
NOTIC: [8] Undefined variable: lostnum F:\wamp\www\928diuba\App\Runtime\Cache\Home\00e52909bed743ea261af4b6823297ff.php 第 141 行.
NOTIC: [8] Undefined variable: findnum F:\wamp\www\928diuba\App\Runtime\Cache\Home\00e52909bed743ea261af4b6823297ff.php 第 141 行.
NOTIC: [8] Undefined variable: all F:\wamp\www\928diuba\App\Runtime\Cache\Home\00e52909bed743ea261af4b6823297ff.php 第 141 行.
NOTIC: [8] Undefined variable: lostlist F:\wamp\www\928diuba\App\Runtime\Cache\Home\00e52909bed743ea261af4b6823297ff.php 第 159 行.
NOTIC: [8] Undefined variable: lostlist F:\wamp\www\928diuba\App\Runtime\Cache\Home\00e52909bed743ea261af4b6823297ff.php 第 187 行.
INFO: Run Behavior\ParseTemplateBehavior [ RunTime:0.022678s ]
INFO: [ view_parse ] --END-- [ RunTime:0.022999s ]
INFO: [ view_filter ] --START--
INFO: Run Behavior\WriteHtmlCacheBehavior [ RunTime:0.000900s ]
INFO: [ view_filter ] --END-- [ RunTime:0.001031s ]
SQL: SHOW COLUMNS FROM `diuba_losts` [ RunTime:0.0085s ]
SQL: SHOW COLUMNS FROM `diuba_find` [ RunTime:0.0091s ]
SQL: SELECT COUNT(*) AS tp_count FROM `diuba_losts` LIMIT 1   [ RunTime:0.0004s ]
SQL: SELECT COUNT(*) AS tp_count FROM `diuba_find` LIMIT 1   [ RunTime:0.0006s ]
SQL: SELECT COUNT(*) AS tp_count FROM `diuba_losts` WHERE ( isfinish=1 ) LIMIT 1   [ RunTime:0.0003s ]
SQL: SELECT COUNT(*) AS tp_count FROM `diuba_find` WHERE ( isfinish=1 ) LIMIT 1   [ RunTime:0.0003s ]
SQL: SELECT * FROM `diuba_losts` WHERE ( isfinish=0 ) ORDER BY isfirst desc,id desc LIMIT 4   [ RunTime:0.0004s ]
INFO: [ view_parse ] --START--
INFO: [ template_filter ] --START--
INFO: Run Behavior\ContentReplaceBehavior [ RunTime:0.000190s ]
INFO: [ template_filter ] --END-- [ RunTime:-1.070495s ]
NOTIC: [8] Undefined index: lostdate F:\wamp\www\928diuba\App\Runtime\Cache\Home\00e52909bed743ea261af4b6823297ff.php 第 170 行.
NOTIC: [8] Undefined index: lostdate F:\wamp\www\928diuba\App\Runtime\Cache\Home\00e52909bed743ea261af4b6823297ff.php 第 170 行.
NOTIC: [8] Undefined index: lostdate F:\wamp\www\928diuba\App\Runtime\Cache\Home\00e52909bed743ea261af4b6823297ff.php 第 198 行.
NOTIC: [8] Undefined index: lostdate F:\wamp\www\928diuba\App\Runtime\Cache\Home\00e52909bed743ea261af4b6823297ff.php 第 198 行.
INFO: Run Behavior\ParseTemplateBehavior [ RunTime:0.013241s ]
INFO: [ view_parse ] --END-- [ RunTime:-1.054541s ]
INFO: [ view_filter ] --START--
INFO: Run Behavior\WriteHtmlCacheBehavior [ RunTime:0.000027s ]
INFO: [ view_filter ] --END-- [ RunTime:-1.066862s ]
INFO: [ app_end ] --START--
INFO: Run Behavior\ShowPageTraceBehavior [ RunTime:0.000764s ]
INFO: [ app_end ] --END-- [ RunTime:0.000870s ]

[ 2016-10-14T16:22:04+08:00 ] 127.0.0.1 /928diuba/index.php/Home/Index/index
INFO: [ app_init ] --START--
INFO: Run Behavior\BuildLiteBehavior [ RunTime:0.000029s ]
INFO: [ app_init ] --END-- [ RunTime:0.000658s ]
INFO: [ app_begin ] --START--
INFO: Run Behavior\ReadHtmlCacheBehavior [ RunTime:0.001354s ]
INFO: [ app_begin ] --END-- [ RunTime:0.001479s ]
INFO: [ view_parse ] --START--
INFO: [ template_filter ] --START--
INFO: Run Behavior\ContentReplaceBehavior [ RunTime:0.000190s ]
INFO: [ template_filter ] --END-- [ RunTime:0.000324s ]
NOTIC: [8] Undefined variable: lostnum F:\wamp\www\928diuba\App\Runtime\Cache\Home\00e52909bed743ea261af4b6823297ff.php 第 141 行.
NOTIC: [8] Undefined variable: findnum F:\wamp\www\928diuba\App\Runtime\Cache\Home\00e52909bed743ea261af4b6823297ff.php 第 141 行.
NOTIC: [8] Undefined variable: all F:\wamp\www\928diuba\App\Runtime\Cache\Home\00e52909bed743ea261af4b6823297ff.php 第 141 行.
NOTIC: [8] Undefined variable: lostlist F:\wamp\www\928diuba\App\Runtime\Cache\Home\00e52909bed743ea261af4b6823297ff.php 第 159 行.
NOTIC: [8] Undefined variable: lostlist F:\wamp\www\928diuba\App\Runtime\Cache\Home\00e52909bed743ea261af4b6823297ff.php 第 187 行.
INFO: Run Behavior\ParseTemplateBehavior [ RunTime:0.024422s ]
INFO: [ view_parse ] --END-- [ RunTime:0.024664s ]
INFO: [ view_filter ] --START--
INFO: Run Behavior\WriteHtmlCacheBehavior [ RunTime:0.000883s ]
INFO: [ view_filter ] --END-- [ RunTime:0.001074s ]
SQL: SHOW COLUMNS FROM `diuba_losts` [ RunTime:0.0102s ]
SQL: SHOW COLUMNS FROM `diuba_find` [ RunTime:0.0084s ]
SQL: SELECT COUNT(*) AS tp_count FROM `diuba_losts` LIMIT 1   [ RunTime:0.0004s ]
SQL: SELECT COUNT(*) AS tp_count FROM `diuba_find` LIMIT 1   [ RunTime:0.0003s ]
SQL: SELECT COUNT(*) AS tp_count FROM `diuba_losts` WHERE ( isfinish=1 ) LIMIT 1   [ RunTime:0.0003s ]
SQL: SELECT COUNT(*) AS tp_count FROM `diuba_find` WHERE ( isfinish=1 ) LIMIT 1   [ RunTime:0.0003s ]
SQL: SELECT * FROM `diuba_losts` WHERE ( isfinish=0 ) ORDER BY isfirst desc,id desc LIMIT 4   [ RunTime:0.0006s ]
INFO: [ view_parse ] --START--
INFO: [ template_filter ] --START--
INFO: Run Behavior\ContentReplaceBehavior [ RunTime:0.000184s ]
INFO: [ template_filter ] --END-- [ RunTime:-1.055331s ]
NOTIC: [8] Undefined index: lostdate F:\wamp\www\928diuba\App\Runtime\Cache\Home\00e52909bed743ea261af4b6823297ff.php 第 170 行.
NOTIC: [8] Undefined index: lostdate F:\wamp\www\928diuba\App\Runtime\Cache\Home\00e52909bed743ea261af4b6823297ff.php 第 170 行.
NOTIC: [8] Undefined index: lostdate F:\wamp\www\928diuba\App\Runtime\Cache\Home\00e52909bed743ea261af4b6823297ff.php 第 198 行.
NOTIC: [8] Undefined index: lostdate F:\wamp\www\928diuba\App\Runtime\Cache\Home\00e52909bed743ea261af4b6823297ff.php 第 198 行.
INFO: Run Behavior\ParseTemplateBehavior [ RunTime:0.017158s ]
INFO: [ view_parse ] --END-- [ RunTime:-1.037817s ]
INFO: [ view_filter ] --START--
INFO: Run Behavior\WriteHtmlCacheBehavior [ RunTime:0.000037s ]
INFO: [ view_filter ] --END-- [ RunTime:-1.054009s ]
INFO: [ app_end ] --START--
INFO: Run Behavior\ShowPageTraceBehavior [ RunTime:0.001172s ]
INFO: [ app_end ] --END-- [ RunTime:0.001318s ]

[ 2016-10-14T16:29:18+08:00 ] 127.0.0.1 /928diuba/index.php/Home/Index/index
INFO: [ app_init ] --START--
INFO: Run Behavior\BuildLiteBehavior [ RunTime:0.000042s ]
INFO: [ app_init ] --END-- [ RunTime:0.000815s ]
INFO: [ app_begin ] --START--
INFO: Run Behavior\ReadHtmlCacheBehavior [ RunTime:0.001598s ]
INFO: [ app_begin ] --END-- [ RunTime:0.001814s ]
INFO: [ view_parse ] --START--
INFO: [ template_filter ] --START--
INFO: Run Behavior\ContentReplaceBehavior [ RunTime:0.000191s ]
INFO: [ template_filter ] --END-- [ RunTime:0.000345s ]
NOTIC: [8] Undefined variable: lostnum F:\wamp\www\928diuba\App\Runtime\Cache\Home\00e52909bed743ea261af4b6823297ff.php 第 141 行.
NOTIC: [8] Undefined variable: findnum F:\wamp\www\928diuba\App\Runtime\Cache\Home\00e52909bed743ea261af4b6823297ff.php 第 141 行.
NOTIC: [8] Undefined variable: all F:\wamp\www\928diuba\App\Runtime\Cache\Home\00e52909bed743ea261af4b6823297ff.php 第 141 行.
NOTIC: [8] Undefined variable: lostlist F:\wamp\www\928diuba\App\Runtime\Cache\Home\00e52909bed743ea261af4b6823297ff.php 第 159 行.
NOTIC: [8] Undefined variable: findlist F:\wamp\www\928diuba\App\Runtime\Cache\Home\00e52909bed743ea261af4b6823297ff.php 第 187 行.
INFO: Run Behavior\ParseTemplateBehavior [ RunTime:0.022450s ]
INFO: [ view_parse ] --END-- [ RunTime:0.022663s ]
INFO: [ view_filter ] --START--
INFO: Run Behavior\WriteHtmlCacheBehavior [ RunTime:0.000918s ]
INFO: [ view_filter ] --END-- [ RunTime:0.001090s ]
SQL: SHOW COLUMNS FROM `diuba_losts` [ RunTime:0.0576s ]
SQL: SHOW COLUMNS FROM `diuba_find` [ RunTime:0.0108s ]
SQL: SELECT COUNT(*) AS tp_count FROM `diuba_losts` LIMIT 1   [ RunTime:0.0003s ]
SQL: SELECT COUNT(*) AS tp_count FROM `diuba_find` LIMIT 1   [ RunTime:0.0002s ]
SQL: SELECT COUNT(*) AS tp_count FROM `diuba_losts` WHERE ( isfinish=1 ) LIMIT 1   [ RunTime:0.0003s ]
SQL: SELECT COUNT(*) AS tp_count FROM `diuba_find` WHERE ( isfinish=1 ) LIMIT 1   [ RunTime:0.0003s ]
SQL: SELECT * FROM `diuba_losts` WHERE ( isfinish=0 ) ORDER BY isfirst desc,id desc LIMIT 4   [ RunTime:0.0005s ]
INFO: [ view_parse ] --START--
INFO: [ template_filter ] --START--
INFO: Run Behavior\ContentReplaceBehavior [ RunTime:0.000195s ]
INFO: [ template_filter ] --END-- [ RunTime:-1.115705s ]
NOTIC: [8] Undefined index: lostdate F:\wamp\www\928diuba\App\Runtime\Cache\Home\00e52909bed743ea261af4b6823297ff.php 第 170 行.
NOTIC: [8] Undefined index: lostdate F:\wamp\www\928diuba\App\Runtime\Cache\Home\00e52909bed743ea261af4b6823297ff.php 第 170 行.
NOTIC: [8] Undefined variable: findlist F:\wamp\www\928diuba\App\Runtime\Cache\Home\00e52909bed743ea261af4b6823297ff.php 第 187 行.
INFO: Run Behavior\ParseTemplateBehavior [ RunTime:0.016971s ]
INFO: [ view_parse ] --END-- [ RunTime:-1.098431s ]
INFO: [ view_filter ] --START--
INFO: Run Behavior\WriteHtmlCacheBehavior [ RunTime:0.000051s ]
INFO: [ view_filter ] --END-- [ RunTime:-1.114832s ]
INFO: [ app_end ] --START--
INFO: Run Behavior\ShowPageTraceBehavior [ RunTime:0.001232s ]
INFO: [ app_end ] --END-- [ RunTime:0.001400s ]

[ 2016-10-14T16:29:35+08:00 ] 127.0.0.1 /928diuba/index.php/Home/Index/index
INFO: [ app_init ] --START--
INFO: Run Behavior\BuildLiteBehavior [ RunTime:0.000031s ]
INFO: [ app_init ] --END-- [ RunTime:0.000655s ]
INFO: [ app_begin ] --START--
INFO: Run Behavior\ReadHtmlCacheBehavior [ RunTime:0.000998s ]
INFO: [ app_begin ] --END-- [ RunTime:0.001127s ]
INFO: [ view_parse ] --START--
INFO: [ template_filter ] --START--
INFO: Run Behavior\ContentReplaceBehavior [ RunTime:0.000215s ]
INFO: [ template_filter ] --END-- [ RunTime:0.000351s ]
NOTIC: [8] Undefined variable: lostnum F:\wamp\www\928diuba\App\Runtime\Cache\Home\00e52909bed743ea261af4b6823297ff.php 第 141 行.
NOTIC: [8] Undefined variable: findnum F:\wamp\www\928diuba\App\Runtime\Cache\Home\00e52909bed743ea261af4b6823297ff.php 第 141 行.
NOTIC: [8] Undefined variable: all F:\wamp\www\928diuba\App\Runtime\Cache\Home\00e52909bed743ea261af4b6823297ff.php 第 141 行.
NOTIC: [8] Undefined variable: lostlist F:\wamp\www\928diuba\App\Runtime\Cache\Home\00e52909bed743ea261af4b6823297ff.php 第 159 行.
NOTIC: [8] Undefined variable: lostlist F:\wamp\www\928diuba\App\Runtime\Cache\Home\00e52909bed743ea261af4b6823297ff.php 第 187 行.
INFO: Run Behavior\ParseTemplateBehavior [ RunTime:0.029276s ]
INFO: [ view_parse ] --END-- [ RunTime:0.029674s ]
INFO: [ view_filter ] --START--
INFO: Run Behavior\WriteHtmlCacheBehavior [ RunTime:0.000924s ]
INFO: [ view_filter ] --END-- [ RunTime:0.001103s ]
SQL: SHOW COLUMNS FROM `diuba_losts` [ RunTime:0.0130s ]
SQL: SHOW COLUMNS FROM `diuba_find` [ RunTime:0.0086s ]
SQL: SELECT COUNT(*) AS tp_count FROM `diuba_losts` LIMIT 1   [ RunTime:0.0005s ]
SQL: SELECT COUNT(*) AS tp_count FROM `diuba_find` LIMIT 1   [ RunTime:0.0003s ]
SQL: SELECT COUNT(*) AS tp_count FROM `diuba_losts` WHERE ( isfinish=1 ) LIMIT 1   [ RunTime:0.0004s ]
SQL: SELECT COUNT(*) AS tp_count FROM `diuba_find` WHERE ( isfinish=1 ) LIMIT 1   [ RunTime:0.0004s ]
SQL: SELECT * FROM `diuba_losts` WHERE ( isfinish=0 ) ORDER BY isfirst desc,id desc LIMIT 4   [ RunTime:0.0007s ]
INFO: [ view_parse ] --START--
INFO: [ template_filter ] --START--
INFO: Run Behavior\ContentReplaceBehavior [ RunTime:0.000191s ]
INFO: [ template_filter ] --END-- [ RunTime:-1.060187s ]
NOTIC: [8] Undefined index: lostdate F:\wamp\www\928diuba\App\Runtime\Cache\Home\00e52909bed743ea261af4b6823297ff.php 第 170 行.
NOTIC: [8] Undefined index: lostdate F:\wamp\www\928diuba\App\Runtime\Cache\Home\00e52909bed743ea261af4b6823297ff.php 第 170 行.
NOTIC: [8] Undefined index: lostdate F:\wamp\www\928diuba\App\Runtime\Cache\Home\00e52909bed743ea261af4b6823297ff.php 第 198 行.
NOTIC: [8] Undefined index: lostdate F:\wamp\www\928diuba\App\Runtime\Cache\Home\00e52909bed743ea261af4b6823297ff.php 第 198 行.
INFO: Run Behavior\ParseTemplateBehavior [ RunTime:0.014529s ]
INFO: [ view_parse ] --END-- [ RunTime:-1.045443s ]
INFO: [ view_filter ] --START--
INFO: Run Behavior\WriteHtmlCacheBehavior [ RunTime:0.000030s ]
INFO: [ view_filter ] --END-- [ RunTime:-1.058987s ]
INFO: [ app_end ] --START--
INFO: Run Behavior\ShowPageTraceBehavior [ RunTime:0.000818s ]
INFO: [ app_end ] --END-- [ RunTime:0.000923s ]

[ 2016-10-14T16:30:58+08:00 ] 127.0.0.1 /928diuba/index.php/Home/Index/index
INFO: [ app_init ] --START--
INFO: Run Behavior\BuildLiteBehavior [ RunTime:0.000049s ]
INFO: [ app_init ] --END-- [ RunTime:0.000932s ]
INFO: [ app_begin ] --START--
INFO: Run Behavior\ReadHtmlCacheBehavior [ RunTime:0.001512s ]
INFO: [ app_begin ] --END-- [ RunTime:0.001711s ]
INFO: [ view_parse ] --START--
INFO: [ template_filter ] --START--
INFO: Run Behavior\ContentReplaceBehavior [ RunTime:0.000287s ]
INFO: [ template_filter ] --END-- [ RunTime:0.000526s ]
NOTIC: [8] Undefined variable: lostnum F:\wamp\www\928diuba\App\Runtime\Cache\Home\00e52909bed743ea261af4b6823297ff.php 第 141 行.
NOTIC: [8] Undefined variable: findnum F:\wamp\www\928diuba\App\Runtime\Cache\Home\00e52909bed743ea261af4b6823297ff.php 第 141 行.
NOTIC: [8] Undefined variable: all F:\wamp\www\928diuba\App\Runtime\Cache\Home\00e52909bed743ea261af4b6823297ff.php 第 141 行.
NOTIC: [8] Undefined variable: lostlist F:\wamp\www\928diuba\App\Runtime\Cache\Home\00e52909bed743ea261af4b6823297ff.php 第 159 行.
NOTIC: [8] Undefined variable: lostlist F:\wamp\www\928diuba\App\Runtime\Cache\Home\00e52909bed743ea261af4b6823297ff.php 第 187 行.
INFO: Run Behavior\ParseTemplateBehavior [ RunTime:0.029301s ]
INFO: [ view_parse ] --END-- [ RunTime:0.029497s ]
INFO: [ view_filter ] --START--
INFO: Run Behavior\WriteHtmlCacheBehavior [ RunTime:0.000887s ]
INFO: [ view_filter ] --END-- [ RunTime:0.001025s ]
SQL: SHOW COLUMNS FROM `diuba_losts` [ RunTime:0.0094s ]
SQL: SHOW COLUMNS FROM `diuba_find` [ RunTime:0.0115s ]
SQL: SELECT COUNT(*) AS tp_count FROM `diuba_losts` LIMIT 1   [ RunTime:0.0003s ]
SQL: SELECT COUNT(*) AS tp_count FROM `diuba_find` LIMIT 1   [ RunTime:0.0003s ]
SQL: SELECT COUNT(*) AS tp_count FROM `diuba_losts` WHERE ( isfinish=1 ) LIMIT 1   [ RunTime:0.0003s ]
SQL: SELECT COUNT(*) AS tp_count FROM `diuba_find` WHERE ( isfinish=1 ) LIMIT 1   [ RunTime:0.0003s ]
SQL: SELECT * FROM `diuba_losts` WHERE ( isfinish=0 ) ORDER BY isfirst desc,id desc LIMIT 4   [ RunTime:0.0005s ]
INFO: [ view_parse ] --START--
INFO: [ template_filter ] --START--
INFO: Run Behavior\ContentReplaceBehavior [ RunTime:0.000194s ]
INFO: [ template_filter ] --END-- [ RunTime:-1.084464s ]
NOTIC: [8] Undefined index: lostdate F:\wamp\www\928diuba\App\Runtime\Cache\Home\00e52909bed743ea261af4b6823297ff.php 第 170 行.
NOTIC: [8] Undefined index: lostdate F:\wamp\www\928diuba\App\Runtime\Cache\Home\00e52909bed743ea261af4b6823297ff.php 第 170 行.
NOTIC: [8] Undefined index: finddate F:\wamp\www\928diuba\App\Runtime\Cache\Home\00e52909bed743ea261af4b6823297ff.php 第 198 行.
NOTIC: [8] Undefined index: finddate F:\wamp\www\928diuba\App\Runtime\Cache\Home\00e52909bed743ea261af4b6823297ff.php 第 198 行.
INFO: Run Behavior\ParseTemplateBehavior [ RunTime:0.019292s ]
INFO: [ view_parse ] --END-- [ RunTime:-1.063160s ]
INFO: [ view_filter ] --START--
INFO: Run Behavior\WriteHtmlCacheBehavior [ RunTime:0.000027s ]
INFO: [ view_filter ] --END-- [ RunTime:-1.081509s ]
INFO: [ app_end ] --START--
INFO: Run Behavior\ShowPageTraceBehavior [ RunTime:0.001051s ]
INFO: [ app_end ] --END-- [ RunTime:0.001156s ]

[ 2016-10-14T16:34:24+08:00 ] 127.0.0.1 /928diuba/index.php/Home/Index/index
INFO: [ app_init ] --START--
INFO: Run Behavior\BuildLiteBehavior [ RunTime:0.000028s ]
INFO: [ app_init ] --END-- [ RunTime:0.000618s ]
INFO: [ app_begin ] --START--
INFO: Run Behavior\ReadHtmlCacheBehavior [ RunTime:0.001013s ]
INFO: [ app_begin ] --END-- [ RunTime:0.001166s ]
INFO: [ view_parse ] --START--
INFO: [ template_filter ] --START--
INFO: Run Behavior\ContentReplaceBehavior [ RunTime:0.000189s ]
INFO: [ template_filter ] --END-- [ RunTime:0.000317s ]
NOTIC: [8] Undefined variable: lostnum F:\wamp\www\928diuba\App\Runtime\Cache\Home\00e52909bed743ea261af4b6823297ff.php 第 141 行.
NOTIC: [8] Undefined variable: findnum F:\wamp\www\928diuba\App\Runtime\Cache\Home\00e52909bed743ea261af4b6823297ff.php 第 141 行.
NOTIC: [8] Undefined variable: all F:\wamp\www\928diuba\App\Runtime\Cache\Home\00e52909bed743ea261af4b6823297ff.php 第 141 行.
NOTIC: [8] Undefined variable: lostlist F:\wamp\www\928diuba\App\Runtime\Cache\Home\00e52909bed743ea261af4b6823297ff.php 第 159 行.
NOTIC: [8] Undefined variable: lostlist F:\wamp\www\928diuba\App\Runtime\Cache\Home\00e52909bed743ea261af4b6823297ff.php 第 187 行.
INFO: Run Behavior\ParseTemplateBehavior [ RunTime:0.021125s ]
INFO: [ view_parse ] --END-- [ RunTime:0.021281s ]
INFO: [ view_filter ] --START--
INFO: Run Behavior\WriteHtmlCacheBehavior [ RunTime:0.000803s ]
INFO: [ view_filter ] --END-- [ RunTime:0.000977s ]
SQL: SHOW COLUMNS FROM `diuba_losts` [ RunTime:0.0088s ]
SQL: SHOW COLUMNS FROM `diuba_find` [ RunTime:0.0084s ]
SQL: SELECT COUNT(*) AS tp_count FROM `diuba_losts` LIMIT 1   [ RunTime:0.0004s ]
SQL: SELECT COUNT(*) AS tp_count FROM `diuba_find` LIMIT 1   [ RunTime:0.0003s ]
SQL: SELECT COUNT(*) AS tp_count FROM `diuba_losts` WHERE ( isfinish=1 ) LIMIT 1   [ RunTime:0.0003s ]
SQL: SELECT COUNT(*) AS tp_count FROM `diuba_find` WHERE ( isfinish=1 ) LIMIT 1   [ RunTime:0.0003s ]
SQL: SELECT * FROM `diuba_losts` WHERE ( isfinish=0 ) ORDER BY isfirst desc,id desc LIMIT 4   [ RunTime:0.0006s ]
INFO: [ view_parse ] --START--
INFO: [ template_filter ] --START--
INFO: Run Behavior\ContentReplaceBehavior [ RunTime:0.000186s ]
INFO: [ template_filter ] --END-- [ RunTime:-1.050282s ]
NOTIC: [8] Undefined index: finddate F:\wamp\www\928diuba\App\Runtime\Cache\Home\00e52909bed743ea261af4b6823297ff.php 第 198 行.
NOTIC: [8] Undefined index: finddate F:\wamp\www\928diuba\App\Runtime\Cache\Home\00e52909bed743ea261af4b6823297ff.php 第 198 行.
INFO: Run Behavior\ParseTemplateBehavior [ RunTime:0.013053s ]
INFO: [ view_parse ] --END-- [ RunTime:-1.036507s ]
INFO: [ view_filter ] --START--
INFO: Run Behavior\WriteHtmlCacheBehavior [ RunTime:0.000029s ]
INFO: [ view_filter ] --END-- [ RunTime:-1.048674s ]
INFO: [ app_end ] --START--
INFO: Run Behavior\ShowPageTraceBehavior [ RunTime:0.001448s ]
INFO: [ app_end ] --END-- [ RunTime:0.001612s ]

[ 2016-10-14T16:36:14+08:00 ] 127.0.0.1 /928diuba/index.php/Home/Index/index
INFO: [ app_init ] --START--
INFO: Run Behavior\BuildLiteBehavior [ RunTime:0.000028s ]
INFO: [ app_init ] --END-- [ RunTime:0.000574s ]
INFO: [ app_begin ] --START--
INFO: Run Behavior\ReadHtmlCacheBehavior [ RunTime:0.000853s ]
INFO: [ app_begin ] --END-- [ RunTime:0.001009s ]
INFO: [ view_parse ] --START--
INFO: [ template_filter ] --START--
INFO: Run Behavior\ContentReplaceBehavior [ RunTime:0.000195s ]
INFO: [ template_filter ] --END-- [ RunTime:0.000330s ]
NOTIC: [8] Undefined variable: lostnum F:\wamp\www\928diuba\App\Runtime\Cache\Home\00e52909bed743ea261af4b6823297ff.php 第 141 行.
NOTIC: [8] Undefined variable: findnum F:\wamp\www\928diuba\App\Runtime\Cache\Home\00e52909bed743ea261af4b6823297ff.php 第 141 行.
NOTIC: [8] Undefined variable: all F:\wamp\www\928diuba\App\Runtime\Cache\Home\00e52909bed743ea261af4b6823297ff.php 第 141 行.
NOTIC: [8] Undefined variable: lostlist F:\wamp\www\928diuba\App\Runtime\Cache\Home\00e52909bed743ea261af4b6823297ff.php 第 159 行.
NOTIC: [8] Undefined variable: findlist F:\wamp\www\928diuba\App\Runtime\Cache\Home\00e52909bed743ea261af4b6823297ff.php 第 187 行.
INFO: Run Behavior\ParseTemplateBehavior [ RunTime:0.024902s ]
INFO: [ view_parse ] --END-- [ RunTime:0.025107s ]
INFO: [ view_filter ] --START--
INFO: Run Behavior\WriteHtmlCacheBehavior [ RunTime:0.000901s ]
INFO: [ view_filter ] --END-- [ RunTime:0.001069s ]
SQL: SHOW COLUMNS FROM `diuba_losts` [ RunTime:0.0100s ]
SQL: SHOW COLUMNS FROM `diuba_find` [ RunTime:0.0108s ]
SQL: SELECT COUNT(*) AS tp_count FROM `diuba_losts` LIMIT 1   [ RunTime:0.0004s ]
SQL: SELECT COUNT(*) AS tp_count FROM `diuba_find` LIMIT 1   [ RunTime:0.0004s ]
SQL: SELECT COUNT(*) AS tp_count FROM `diuba_losts` WHERE ( isfinish=1 ) LIMIT 1   [ RunTime:0.0003s ]
SQL: SELECT COUNT(*) AS tp_count FROM `diuba_find` WHERE ( isfinish=1 ) LIMIT 1   [ RunTime:0.0003s ]
SQL: SELECT * FROM `diuba_losts` WHERE ( isfinish=0 ) ORDER BY isfirst desc,id desc LIMIT 4   [ RunTime:0.0006s ]
INFO: [ view_parse ] --START--
INFO: [ template_filter ] --START--
INFO: Run Behavior\ContentReplaceBehavior [ RunTime:0.000188s ]
INFO: [ template_filter ] --END-- [ RunTime:-1.056631s ]
NOTIC: [8] Undefined variable: findlist F:\wamp\www\928diuba\App\Runtime\Cache\Home\00e52909bed743ea261af4b6823297ff.php 第 187 行.
INFO: Run Behavior\ParseTemplateBehavior [ RunTime:0.016227s ]
INFO: [ view_parse ] --END-- [ RunTime:-1.040748s ]
INFO: [ view_filter ] --START--
INFO: Run Behavior\WriteHtmlCacheBehavior [ RunTime:0.000029s ]
INFO: [ view_filter ] --END-- [ RunTime:-1.055994s ]
INFO: [ app_end ] --START--
INFO: Run Behavior\ShowPageTraceBehavior [ RunTime:0.000919s ]
INFO: [ app_end ] --END-- [ RunTime:0.001025s ]

[ 2016-10-14T16:37:36+08:00 ] 127.0.0.1 /928diuba/index.php/Home/Index/index
INFO: [ app_init ] --START--
INFO: Run Behavior\BuildLiteBehavior [ RunTime:0.000031s ]
INFO: [ app_init ] --END-- [ RunTime:0.000567s ]
INFO: [ app_begin ] --START--
INFO: Run Behavior\ReadHtmlCacheBehavior [ RunTime:0.001206s ]
INFO: [ app_begin ] --END-- [ RunTime:0.001358s ]
INFO: [ view_parse ] --START--
INFO: [ template_filter ] --START--
INFO: Run Behavior\ContentReplaceBehavior [ RunTime:0.000329s ]
INFO: [ template_filter ] --END-- [ RunTime:0.000621s ]
NOTIC: [8] Undefined variable: lostnum F:\wamp\www\928diuba\App\Runtime\Cache\Home\00e52909bed743ea261af4b6823297ff.php 第 141 行.
NOTIC: [8] Undefined variable: findnum F:\wamp\www\928diuba\App\Runtime\Cache\Home\00e52909bed743ea261af4b6823297ff.php 第 141 行.
NOTIC: [8] Undefined variable: all F:\wamp\www\928diuba\App\Runtime\Cache\Home\00e52909bed743ea261af4b6823297ff.php 第 141 行.
NOTIC: [8] Undefined variable: lostlist F:\wamp\www\928diuba\App\Runtime\Cache\Home\00e52909bed743ea261af4b6823297ff.php 第 159 行.
NOTIC: [8] Undefined variable: findlist F:\wamp\www\928diuba\App\Runtime\Cache\Home\00e52909bed743ea261af4b6823297ff.php 第 187 行.
INFO: Run Behavior\ParseTemplateBehavior [ RunTime:0.030894s ]
INFO: [ view_parse ] --END-- [ RunTime:0.031069s ]
INFO: [ view_filter ] --START--
INFO: Run Behavior\WriteHtmlCacheBehavior [ RunTime:0.000724s ]
INFO: [ view_filter ] --END-- [ RunTime:0.000836s ]
SQL: SHOW COLUMNS FROM `diuba_losts` [ RunTime:0.0083s ]
SQL: SHOW COLUMNS FROM `diuba_find` [ RunTime:0.0084s ]
SQL: SELECT COUNT(*) AS tp_count FROM `diuba_losts` LIMIT 1   [ RunTime:0.0011s ]
SQL: SELECT COUNT(*) AS tp_count FROM `diuba_find` LIMIT 1   [ RunTime:0.0002s ]
SQL: SELECT COUNT(*) AS tp_count FROM `diuba_losts` WHERE ( isfinish=1 ) LIMIT 1   [ RunTime:0.0003s ]
SQL: SELECT COUNT(*) AS tp_count FROM `diuba_find` WHERE ( isfinish=1 ) LIMIT 1   [ RunTime:0.0005s ]
SQL: SELECT * FROM `diuba_losts` WHERE ( isfinish=0 ) ORDER BY isfirst desc,id desc LIMIT 4   [ RunTime:0.0011s ]
INFO: [ view_parse ] --START--
INFO: [ template_filter ] --START--
INFO: Run Behavior\ContentReplaceBehavior [ RunTime:0.000194s ]
INFO: [ template_filter ] --END-- [ RunTime:-1.051031s ]
NOTIC: [8] Undefined variable: findlist F:\wamp\www\928diuba\App\Runtime\Cache\Home\00e52909bed743ea261af4b6823297ff.php 第 187 行.
INFO: Run Behavior\ParseTemplateBehavior [ RunTime:0.013732s ]
INFO: [ view_parse ] --END-- [ RunTime:-1.036658s ]
INFO: [ view_filter ] --START--
INFO: Run Behavior\WriteHtmlCacheBehavior [ RunTime:0.000044s ]
INFO: [ view_filter ] --END-- [ RunTime:-1.049763s ]
INFO: [ app_end ] --START--
INFO: Run Behavior\ShowPageTraceBehavior [ RunTime:0.001153s ]
INFO: [ app_end ] --END-- [ RunTime:0.001296s ]

[ 2016-10-14T16:38:21+08:00 ] 127.0.0.1 /928diuba/index.php/Home/Index/index
INFO: [ app_init ] --START--
INFO: Run Behavior\BuildLiteBehavior [ RunTime:0.000044s ]
INFO: [ app_init ] --END-- [ RunTime:0.000899s ]
INFO: [ app_begin ] --START--
INFO: Run Behavior\ReadHtmlCacheBehavior [ RunTime:0.001033s ]
INFO: [ app_begin ] --END-- [ RunTime:0.001167s ]
INFO: [ view_parse ] --START--
INFO: [ template_filter ] --START--
INFO: Run Behavior\ContentReplaceBehavior [ RunTime:0.000280s ]
INFO: [ template_filter ] --END-- [ RunTime:0.000470s ]
NOTIC: [8] Undefined variable: lostnum F:\wamp\www\928diuba\App\Runtime\Cache\Home\00e52909bed743ea261af4b6823297ff.php 第 141 行.
NOTIC: [8] Undefined variable: findnum F:\wamp\www\928diuba\App\Runtime\Cache\Home\00e52909bed743ea261af4b6823297ff.php 第 141 行.
NOTIC: [8] Undefined variable: all F:\wamp\www\928diuba\App\Runtime\Cache\Home\00e52909bed743ea261af4b6823297ff.php 第 141 行.
NOTIC: [8] Undefined variable: lostlist F:\wamp\www\928diuba\App\Runtime\Cache\Home\00e52909bed743ea261af4b6823297ff.php 第 159 行.
NOTIC: [8] Undefined variable: lostlist F:\wamp\www\928diuba\App\Runtime\Cache\Home\00e52909bed743ea261af4b6823297ff.php 第 187 行.
INFO: Run Behavior\ParseTemplateBehavior [ RunTime:0.026203s ]
INFO: [ view_parse ] --END-- [ RunTime:0.026364s ]
INFO: [ view_filter ] --START--
INFO: Run Behavior\WriteHtmlCacheBehavior [ RunTime:0.001169s ]
INFO: [ view_filter ] --END-- [ RunTime:0.001349s ]
SQL: SHOW COLUMNS FROM `diuba_losts` [ RunTime:0.0091s ]
SQL: SHOW COLUMNS FROM `diuba_find` [ RunTime:0.0084s ]
SQL: SELECT COUNT(*) AS tp_count FROM `diuba_losts` LIMIT 1   [ RunTime:0.0005s ]
SQL: SELECT COUNT(*) AS tp_count FROM `diuba_find` LIMIT 1   [ RunTime:0.0007s ]
SQL: SELECT COUNT(*) AS tp_count FROM `diuba_losts` WHERE ( isfinish=1 ) LIMIT 1   [ RunTime:0.0005s ]
SQL: SELECT COUNT(*) AS tp_count FROM `diuba_find` WHERE ( isfinish=1 ) LIMIT 1   [ RunTime:0.0004s ]
SQL: SELECT * FROM `diuba_losts` WHERE ( isfinish=0 ) ORDER BY isfirst desc,id desc LIMIT 4   [ RunTime:0.0007s ]
INFO: [ view_parse ] --START--
INFO: [ template_filter ] --START--
INFO: Run Behavior\ContentReplaceBehavior [ RunTime:0.000197s ]
INFO: [ template_filter ] --END-- [ RunTime:-1.059548s ]
NOTIC: [8] Undefined index: finddate F:\wamp\www\928diuba\App\Runtime\Cache\Home\00e52909bed743ea261af4b6823297ff.php 第 198 行.
NOTIC: [8] Undefined index: finddate F:\wamp\www\928diuba\App\Runtime\Cache\Home\00e52909bed743ea261af4b6823297ff.php 第 198 行.
INFO: Run Behavior\ParseTemplateBehavior [ RunTime:0.018692s ]
INFO: [ view_parse ] --END-- [ RunTime:-1.039092s ]
INFO: [ view_filter ] --START--
INFO: Run Behavior\WriteHtmlCacheBehavior [ RunTime:0.000027s ]
INFO: [ view_filter ] --END-- [ RunTime:-1.056546s ]
INFO: [ app_end ] --START--
INFO: Run Behavior\ShowPageTraceBehavior [ RunTime:0.001432s ]
INFO: [ app_end ] --END-- [ RunTime:0.001603s ]

[ 2016-10-14T16:43:20+08:00 ] 127.0.0.1 /928diuba/index.php/Home/Index/index
INFO: [ app_init ] --START--
INFO: Run Behavior\BuildLiteBehavior [ RunTime:0.000045s ]
INFO: [ app_init ] --END-- [ RunTime:0.000823s ]
INFO: [ app_begin ] --START--
INFO: Run Behavior\ReadHtmlCacheBehavior [ RunTime:0.001359s ]
INFO: [ app_begin ] --END-- [ RunTime:0.001544s ]
INFO: [ view_parse ] --START--
INFO: [ template_filter ] --START--
INFO: Run Behavior\ContentReplaceBehavior [ RunTime:0.000555s ]
INFO: [ template_filter ] --END-- [ RunTime:0.000987s ]
NOTIC: [8] Undefined variable: lostnum F:\wamp\www\928diuba\App\Runtime\Cache\Home\00e52909bed743ea261af4b6823297ff.php 第 141 行.
NOTIC: [8] Undefined variable: findnum F:\wamp\www\928diuba\App\Runtime\Cache\Home\00e52909bed743ea261af4b6823297ff.php 第 141 行.
NOTIC: [8] Undefined variable: all F:\wamp\www\928diuba\App\Runtime\Cache\Home\00e52909bed743ea261af4b6823297ff.php 第 141 行.
NOTIC: [8] Undefined variable: lostlist F:\wamp\www\928diuba\App\Runtime\Cache\Home\00e52909bed743ea261af4b6823297ff.php 第 159 行.
NOTIC: [8] Undefined variable: findlist F:\wamp\www\928diuba\App\Runtime\Cache\Home\00e52909bed743ea261af4b6823297ff.php 第 187 行.
INFO: Run Behavior\ParseTemplateBehavior [ RunTime:0.025833s ]
INFO: [ view_parse ] --END-- [ RunTime:0.026013s ]
INFO: [ view_filter ] --START--
INFO: Run Behavior\WriteHtmlCacheBehavior [ RunTime:0.001124s ]
INFO: [ view_filter ] --END-- [ RunTime:0.001310s ]
SQL: SHOW COLUMNS FROM `diuba_losts` [ RunTime:0.0087s ]
SQL: SHOW COLUMNS FROM `diuba_find` [ RunTime:0.0081s ]
SQL: SELECT COUNT(*) AS tp_count FROM `diuba_losts` LIMIT 1   [ RunTime:0.0003s ]
SQL: SELECT COUNT(*) AS tp_count FROM `diuba_find` LIMIT 1   [ RunTime:0.0002s ]
SQL: SELECT COUNT(*) AS tp_count FROM `diuba_losts` WHERE ( isfinish=1 ) LIMIT 1   [ RunTime:0.0002s ]
SQL: SELECT COUNT(*) AS tp_count FROM `diuba_find` WHERE ( isfinish=1 ) LIMIT 1   [ RunTime:0.0002s ]
SQL: SELECT * FROM `diuba_losts` WHERE ( isfinish=0 ) ORDER BY isfirst desc,id desc LIMIT 4   [ RunTime:0.0004s ]
ERR: SQLSTATE[42S22]: Column not found: 1054 Unknown column 'isfirst' in 'order clause'

[ 2016-10-14T16:43:54+08:00 ] 127.0.0.1 /928diuba/index.php/Home/Index/index
INFO: [ app_init ] --START--
INFO: Run Behavior\BuildLiteBehavior [ RunTime:0.000031s ]
INFO: [ app_init ] --END-- [ RunTime:0.000592s ]
INFO: [ app_begin ] --START--
INFO: Run Behavior\ReadHtmlCacheBehavior [ RunTime:0.001242s ]
INFO: [ app_begin ] --END-- [ RunTime:0.001395s ]
INFO: [ view_parse ] --START--
INFO: [ template_filter ] --START--
INFO: Run Behavior\ContentReplaceBehavior [ RunTime:0.000289s ]
INFO: [ template_filter ] --END-- [ RunTime:0.000497s ]
NOTIC: [8] Undefined variable: lostnum F:\wamp\www\928diuba\App\Runtime\Cache\Home\00e52909bed743ea261af4b6823297ff.php 第 141 行.
NOTIC: [8] Undefined variable: findnum F:\wamp\www\928diuba\App\Runtime\Cache\Home\00e52909bed743ea261af4b6823297ff.php 第 141 行.
NOTIC: [8] Undefined variable: all F:\wamp\www\928diuba\App\Runtime\Cache\Home\00e52909bed743ea261af4b6823297ff.php 第 141 行.
NOTIC: [8] Undefined variable: lostlist F:\wamp\www\928diuba\App\Runtime\Cache\Home\00e52909bed743ea261af4b6823297ff.php 第 159 行.
NOTIC: [8] Undefined variable: findlist F:\wamp\www\928diuba\App\Runtime\Cache\Home\00e52909bed743ea261af4b6823297ff.php 第 187 行.
INFO: Run Behavior\ParseTemplateBehavior [ RunTime:0.026398s ]
INFO: [ view_parse ] --END-- [ RunTime:0.026555s ]
INFO: [ view_filter ] --START--
INFO: Run Behavior\WriteHtmlCacheBehavior [ RunTime:0.001051s ]
INFO: [ view_filter ] --END-- [ RunTime:0.001160s ]
SQL: SHOW COLUMNS FROM `diuba_losts` [ RunTime:0.0084s ]
SQL: SHOW COLUMNS FROM `diuba_find` [ RunTime:0.0127s ]
SQL: SELECT COUNT(*) AS tp_count FROM `diuba_losts` LIMIT 1   [ RunTime:0.0004s ]
SQL: SELECT COUNT(*) AS tp_count FROM `diuba_find` LIMIT 1   [ RunTime:0.0003s ]
SQL: SELECT COUNT(*) AS tp_count FROM `diuba_losts` WHERE ( isfinish=1 ) LIMIT 1   [ RunTime:0.0003s ]
SQL: SELECT COUNT(*) AS tp_count FROM `diuba_find` WHERE ( isfinish=1 ) LIMIT 1   [ RunTime:0.0003s ]
SQL: SELECT * FROM `diuba_losts` WHERE ( isfinish=0 ) ORDER BY isfirst desc,id desc LIMIT 4   [ RunTime:0.0011s ]
SQL: SELECT * FROM `diuba_find` WHERE ( isfinish=0 ) ORDER BY id desc LIMIT 4   [ RunTime:0.0004s ]
INFO: [ view_parse ] --START--
INFO: [ template_filter ] --START--
INFO: Run Behavior\ContentReplaceBehavior [ RunTime:0.000403s ]
INFO: [ template_filter ] --END-- [ RunTime:-1.076226s ]
INFO: Run Behavior\ParseTemplateBehavior [ RunTime:0.014545s ]
INFO: [ view_parse ] --END-- [ RunTime:-1.061122s ]
INFO: [ view_filter ] --START--
INFO: Run Behavior\WriteHtmlCacheBehavior [ RunTime:0.000044s ]
INFO: [ view_filter ] --END-- [ RunTime:-1.074725s ]
INFO: [ app_end ] --START--
INFO: Run Behavior\ShowPageTraceBehavior [ RunTime:0.001658s ]
INFO: [ app_end ] --END-- [ RunTime:0.001809s ]

[ 2016-10-14T16:44:25+08:00 ] 127.0.0.1 /928diuba/index.php/Home/Index/index
INFO: [ app_init ] --START--
INFO: Run Behavior\BuildLiteBehavior [ RunTime:0.000033s ]
INFO: [ app_init ] --END-- [ RunTime:0.000583s ]
INFO: [ app_begin ] --START--
INFO: Run Behavior\ReadHtmlCacheBehavior [ RunTime:0.000986s ]
INFO: [ app_begin ] --END-- [ RunTime:0.001135s ]
INFO: [ view_parse ] --START--
INFO: [ template_filter ] --START--
INFO: Run Behavior\ContentReplaceBehavior [ RunTime:0.000324s ]
INFO: [ template_filter ] --END-- [ RunTime:0.000572s ]
NOTIC: [8] Undefined variable: lostnum F:\wamp\www\928diuba\App\Runtime\Cache\Home\00e52909bed743ea261af4b6823297ff.php 第 141 行.
NOTIC: [8] Undefined variable: findnum F:\wamp\www\928diuba\App\Runtime\Cache\Home\00e52909bed743ea261af4b6823297ff.php 第 141 行.
NOTIC: [8] Undefined variable: all F:\wamp\www\928diuba\App\Runtime\Cache\Home\00e52909bed743ea261af4b6823297ff.php 第 141 行.
NOTIC: [8] Undefined variable: lostlist F:\wamp\www\928diuba\App\Runtime\Cache\Home\00e52909bed743ea261af4b6823297ff.php 第 159 行.
NOTIC: [8] Undefined variable: findlist F:\wamp\www\928diuba\App\Runtime\Cache\Home\00e52909bed743ea261af4b6823297ff.php 第 187 行.
INFO: Run Behavior\ParseTemplateBehavior [ RunTime:0.026737s ]
INFO: [ view_parse ] --END-- [ RunTime:0.026863s ]
INFO: [ view_filter ] --START--
INFO: Run Behavior\WriteHtmlCacheBehavior [ RunTime:0.000759s ]
INFO: [ view_filter ] --END-- [ RunTime:0.000888s ]
SQL: SHOW COLUMNS FROM `diuba_losts` [ RunTime:0.0093s ]
SQL: SHOW COLUMNS FROM `diuba_find` [ RunTime:0.0087s ]
SQL: SELECT COUNT(*) AS tp_count FROM `diuba_losts` LIMIT 1   [ RunTime:0.0003s ]
SQL: SELECT COUNT(*) AS tp_count FROM `diuba_find` LIMIT 1   [ RunTime:0.0002s ]
SQL: SELECT COUNT(*) AS tp_count FROM `diuba_losts` WHERE ( isfinish=1 ) LIMIT 1   [ RunTime:0.0002s ]
SQL: SELECT COUNT(*) AS tp_count FROM `diuba_find` WHERE ( isfinish=1 ) LIMIT 1   [ RunTime:0.0014s ]
SQL: SELECT * FROM `diuba_losts` WHERE ( isfinish=0 ) ORDER BY isfirst desc,id desc LIMIT 4   [ RunTime:0.0006s ]
SQL: SELECT * FROM `diuba_find` WHERE ( isfinish=0 ) ORDER BY id desc LIMIT 4   [ RunTime:0.0003s ]
INFO: [ view_parse ] --START--
INFO: [ template_filter ] --START--
INFO: Run Behavior\ContentReplaceBehavior [ RunTime:0.000187s ]
INFO: [ template_filter ] --END-- [ RunTime:-1.059624s ]
INFO: Run Behavior\ParseTemplateBehavior [ RunTime:0.015567s ]
INFO: [ view_parse ] --END-- [ RunTime:-1.044475s ]
INFO: [ view_filter ] --START--
INFO: Run Behavior\WriteHtmlCacheBehavior [ RunTime:0.000029s ]
INFO: [ view_filter ] --END-- [ RunTime:-1.059308s ]
INFO: [ app_end ] --START--
INFO: Run Behavior\ShowPageTraceBehavior [ RunTime:0.000934s ]
INFO: [ app_end ] --END-- [ RunTime:0.001045s ]

[ 2016-10-14T16:46:33+08:00 ] 127.0.0.1 /928diuba/index.php/Home/Index/index
INFO: [ app_init ] --START--
INFO: Run Behavior\BuildLiteBehavior [ RunTime:0.000033s ]
INFO: [ app_init ] --END-- [ RunTime:0.000734s ]
INFO: [ app_begin ] --START--
INFO: Run Behavior\ReadHtmlCacheBehavior [ RunTime:0.001753s ]
INFO: [ app_begin ] --END-- [ RunTime:0.001967s ]
INFO: [ view_parse ] --START--
INFO: [ template_filter ] --START--
INFO: Run Behavior\ContentReplaceBehavior [ RunTime:0.000186s ]
INFO: [ template_filter ] --END-- [ RunTime:0.000320s ]
NOTIC: [8] Undefined variable: lostnum F:\wamp\www\928diuba\App\Runtime\Cache\Home\00e52909bed743ea261af4b6823297ff.php 第 141 行.
NOTIC: [8] Undefined variable: findnum F:\wamp\www\928diuba\App\Runtime\Cache\Home\00e52909bed743ea261af4b6823297ff.php 第 141 行.
NOTIC: [8] Undefined variable: all F:\wamp\www\928diuba\App\Runtime\Cache\Home\00e52909bed743ea261af4b6823297ff.php 第 141 行.
NOTIC: [8] Undefined variable: lostlist F:\wamp\www\928diuba\App\Runtime\Cache\Home\00e52909bed743ea261af4b6823297ff.php 第 159 行.
NOTIC: [8] Undefined variable: findlist F:\wamp\www\928diuba\App\Runtime\Cache\Home\00e52909bed743ea261af4b6823297ff.php 第 187 行.
INFO: Run Behavior\ParseTemplateBehavior [ RunTime:0.020630s ]
INFO: [ view_parse ] --END-- [ RunTime:0.020764s ]
INFO: [ view_filter ] --START--
INFO: Run Behavior\WriteHtmlCacheBehavior [ RunTime:0.000683s ]
INFO: [ view_filter ] --END-- [ RunTime:0.000863s ]
SQL: SHOW COLUMNS FROM `diuba_losts` [ RunTime:0.0092s ]
SQL: SHOW COLUMNS FROM `diuba_find` [ RunTime:0.0081s ]
SQL: SELECT COUNT(*) AS tp_count FROM `diuba_losts` LIMIT 1   [ RunTime:0.0006s ]
SQL: SELECT COUNT(*) AS tp_count FROM `diuba_find` LIMIT 1   [ RunTime:0.0003s ]
SQL: SELECT COUNT(*) AS tp_count FROM `diuba_losts` WHERE ( isfinish=1 ) LIMIT 1   [ RunTime:0.0003s ]
SQL: SELECT COUNT(*) AS tp_count FROM `diuba_find` WHERE ( isfinish=1 ) LIMIT 1   [ RunTime:0.0003s ]
SQL: SELECT * FROM `diuba_losts` WHERE ( isfinish=0 ) ORDER BY isfirst desc,id desc LIMIT 4   [ RunTime:0.0006s ]
SQL: SELECT * FROM `diuba_find` WHERE ( isfinish=0 ) ORDER BY id desc LIMIT 4   [ RunTime:0.0005s ]
INFO: [ view_parse ] --START--
INFO: [ template_filter ] --START--
INFO: Run Behavior\ContentReplaceBehavior [ RunTime:0.000180s ]
INFO: [ template_filter ] --END-- [ RunTime:-1.069324s ]
INFO: Run Behavior\ParseTemplateBehavior [ RunTime:0.013427s ]
INFO: [ view_parse ] --END-- [ RunTime:-1.056077s ]
INFO: [ view_filter ] --START--
INFO: Run Behavior\WriteHtmlCacheBehavior [ RunTime:0.000042s ]
INFO: [ view_filter ] --END-- [ RunTime:-1.068829s ]
INFO: [ app_end ] --START--
INFO: Run Behavior\ShowPageTraceBehavior [ RunTime:0.001285s ]
INFO: [ app_end ] --END-- [ RunTime:0.001456s ]

[ 2016-10-14T16:47:38+08:00 ] 127.0.0.1 /928diuba/index.php/Home/Index/index
INFO: [ app_init ] --START--
INFO: Run Behavior\BuildLiteBehavior [ RunTime:0.000034s ]
INFO: [ app_init ] --END-- [ RunTime:0.000591s ]
INFO: [ app_begin ] --START--
INFO: Run Behavior\ReadHtmlCacheBehavior [ RunTime:0.000910s ]
INFO: [ app_begin ] --END-- [ RunTime:0.001044s ]
INFO: [ view_parse ] --START--
INFO: [ template_filter ] --START--
INFO: Run Behavior\ContentReplaceBehavior [ RunTime:0.000186s ]
INFO: [ template_filter ] --END-- [ RunTime:0.000339s ]
NOTIC: [8] Undefined variable: lostnum F:\wamp\www\928diuba\App\Runtime\Cache\Home\00e52909bed743ea261af4b6823297ff.php 第 141 行.
NOTIC: [8] Undefined variable: findnum F:\wamp\www\928diuba\App\Runtime\Cache\Home\00e52909bed743ea261af4b6823297ff.php 第 141 行.
NOTIC: [8] Undefined variable: all F:\wamp\www\928diuba\App\Runtime\Cache\Home\00e52909bed743ea261af4b6823297ff.php 第 141 行.
NOTIC: [8] Undefined variable: lostlist F:\wamp\www\928diuba\App\Runtime\Cache\Home\00e52909bed743ea261af4b6823297ff.php 第 159 行.
NOTIC: [8] Undefined variable: findlist F:\wamp\www\928diuba\App\Runtime\Cache\Home\00e52909bed743ea261af4b6823297ff.php 第 187 行.
INFO: Run Behavior\ParseTemplateBehavior [ RunTime:0.022807s ]
INFO: [ view_parse ] --END-- [ RunTime:0.022940s ]
INFO: [ view_filter ] --START--
INFO: Run Behavior\WriteHtmlCacheBehavior [ RunTime:0.001053s ]
INFO: [ view_filter ] --END-- [ RunTime:0.001323s ]
SQL: SHOW COLUMNS FROM `diuba_losts` [ RunTime:0.0086s ]
SQL: SHOW COLUMNS FROM `diuba_find` [ RunTime:0.0091s ]
SQL: SELECT COUNT(*) AS tp_count FROM `diuba_losts` LIMIT 1   [ RunTime:0.0015s ]
SQL: SELECT COUNT(*) AS tp_count FROM `diuba_find` LIMIT 1   [ RunTime:0.0003s ]
SQL: SELECT COUNT(*) AS tp_count FROM `diuba_losts` WHERE ( isfinish=1 ) LIMIT 1   [ RunTime:0.0003s ]
SQL: SELECT COUNT(*) AS tp_count FROM `diuba_find` WHERE ( isfinish=1 ) LIMIT 1   [ RunTime:0.0003s ]
SQL: SELECT * FROM `diuba_losts` WHERE ( isfinish=0 ) ORDER BY isfirst desc,id desc LIMIT 4   [ RunTime:0.0006s ]
SQL: SELECT * FROM `diuba_find` WHERE ( isfinish=0 ) ORDER BY id desc LIMIT 4   [ RunTime:0.0003s ]
INFO: [ view_parse ] --START--
INFO: [ template_filter ] --START--
INFO: Run Behavior\ContentReplaceBehavior [ RunTime:0.000186s ]
INFO: [ template_filter ] --END-- [ RunTime:-1.074132s ]
INFO: Run Behavior\ParseTemplateBehavior [ RunTime:0.014953s ]
INFO: [ view_parse ] --END-- [ RunTime:-1.059630s ]
INFO: [ view_filter ] --START--
INFO: Run Behavior\WriteHtmlCacheBehavior [ RunTime:0.000044s ]
INFO: [ view_filter ] --END-- [ RunTime:-1.073505s ]
INFO: [ app_end ] --START--
INFO: Run Behavior\ShowPageTraceBehavior [ RunTime:0.000827s ]
INFO: [ app_end ] --END-- [ RunTime:0.001003s ]

[ 2016-10-14T16:49:16+08:00 ] 127.0.0.1 /928diuba/index.php/Home/Index/index
INFO: [ app_init ] --START--
INFO: Run Behavior\BuildLiteBehavior [ RunTime:0.000029s ]
INFO: [ app_init ] --END-- [ RunTime:0.000558s ]
INFO: [ app_begin ] --START--
INFO: Run Behavior\ReadHtmlCacheBehavior [ RunTime:0.001748s ]
INFO: [ app_begin ] --END-- [ RunTime:0.001896s ]
INFO: [ view_parse ] --START--
INFO: [ template_filter ] --START--
INFO: Run Behavior\ContentReplaceBehavior [ RunTime:0.000186s ]
INFO: [ template_filter ] --END-- [ RunTime:0.000321s ]
NOTIC: [8] Undefined variable: lostnum F:\wamp\www\928diuba\App\Runtime\Cache\Home\00e52909bed743ea261af4b6823297ff.php 第 141 行.
NOTIC: [8] Undefined variable: findnum F:\wamp\www\928diuba\App\Runtime\Cache\Home\00e52909bed743ea261af4b6823297ff.php 第 141 行.
NOTIC: [8] Undefined variable: all F:\wamp\www\928diuba\App\Runtime\Cache\Home\00e52909bed743ea261af4b6823297ff.php 第 141 行.
NOTIC: [8] Undefined variable: lostlist F:\wamp\www\928diuba\App\Runtime\Cache\Home\00e52909bed743ea261af4b6823297ff.php 第 159 行.
NOTIC: [8] Undefined variable: findlist F:\wamp\www\928diuba\App\Runtime\Cache\Home\00e52909bed743ea261af4b6823297ff.php 第 187 行.
INFO: Run Behavior\ParseTemplateBehavior [ RunTime:0.018792s ]
INFO: [ view_parse ] --END-- [ RunTime:0.018949s ]
INFO: [ view_filter ] --START--
INFO: Run Behavior\WriteHtmlCacheBehavior [ RunTime:0.000897s ]
INFO: [ view_filter ] --END-- [ RunTime:0.001065s ]
SQL: SHOW COLUMNS FROM `diuba_losts` [ RunTime:0.0082s ]
SQL: SHOW COLUMNS FROM `diuba_find` [ RunTime:0.0092s ]
SQL: SELECT COUNT(*) AS tp_count FROM `diuba_losts` LIMIT 1   [ RunTime:0.0003s ]
SQL: SELECT COUNT(*) AS tp_count FROM `diuba_find` LIMIT 1   [ RunTime:0.0002s ]
SQL: SELECT COUNT(*) AS tp_count FROM `diuba_losts` WHERE ( isfinish=1 ) LIMIT 1   [ RunTime:0.0002s ]
SQL: SELECT COUNT(*) AS tp_count FROM `diuba_find` WHERE ( isfinish=1 ) LIMIT 1   [ RunTime:0.0002s ]
SQL: SELECT * FROM `diuba_losts` WHERE ( isfinish=0 ) ORDER BY isfirst desc,id desc LIMIT 4   [ RunTime:0.0004s ]
SQL: SELECT * FROM `diuba_find` WHERE ( isfinish=0 ) ORDER BY id desc LIMIT 4   [ RunTime:0.0003s ]
INFO: [ view_parse ] --START--
INFO: [ template_filter ] --START--
INFO: Run Behavior\ContentReplaceBehavior [ RunTime:0.000226s ]
INFO: [ template_filter ] --END-- [ RunTime:-1.068255s ]
INFO: Run Behavior\ParseTemplateBehavior [ RunTime:0.015034s ]
INFO: [ view_parse ] --END-- [ RunTime:-1.053601s ]
INFO: [ view_filter ] --START--
INFO: Run Behavior\WriteHtmlCacheBehavior [ RunTime:0.000046s ]
INFO: [ view_filter ] --END-- [ RunTime:-1.067773s ]
INFO: [ app_end ] --START--
INFO: Run Behavior\ShowPageTraceBehavior [ RunTime:0.001383s ]
INFO: [ app_end ] --END-- [ RunTime:0.001522s ]

[ 2016-10-14T16:49:43+08:00 ] 127.0.0.1 /928diuba/index.php/Home/Index/index
INFO: [ app_init ] --START--
INFO: Run Behavior\BuildLiteBehavior [ RunTime:0.000030s ]
INFO: [ app_init ] --END-- [ RunTime:0.000576s ]
INFO: [ app_begin ] --START--
INFO: Run Behavior\ReadHtmlCacheBehavior [ RunTime:0.001431s ]
INFO: [ app_begin ] --END-- [ RunTime:0.001653s ]
INFO: [ view_parse ] --START--
INFO: [ template_filter ] --START--
INFO: Run Behavior\ContentReplaceBehavior [ RunTime:0.000287s ]
INFO: [ template_filter ] --END-- [ RunTime:0.000485s ]
NOTIC: [8] Undefined variable: lostnum F:\wamp\www\928diuba\App\Runtime\Cache\Home\00e52909bed743ea261af4b6823297ff.php 第 141 行.
NOTIC: [8] Undefined variable: findnum F:\wamp\www\928diuba\App\Runtime\Cache\Home\00e52909bed743ea261af4b6823297ff.php 第 141 行.
NOTIC: [8] Undefined variable: all F:\wamp\www\928diuba\App\Runtime\Cache\Home\00e52909bed743ea261af4b6823297ff.php 第 141 行.
NOTIC: [8] Undefined variable: lostlist F:\wamp\www\928diuba\App\Runtime\Cache\Home\00e52909bed743ea261af4b6823297ff.php 第 159 行.
NOTIC: [8] Undefined variable: findlist F:\wamp\www\928diuba\App\Runtime\Cache\Home\00e52909bed743ea261af4b6823297ff.php 第 187 行.
INFO: Run Behavior\ParseTemplateBehavior [ RunTime:0.024856s ]
INFO: [ view_parse ] --END-- [ RunTime:0.025036s ]
INFO: [ view_filter ] --START--
INFO: Run Behavior\WriteHtmlCacheBehavior [ RunTime:0.001200s ]
INFO: [ view_filter ] --END-- [ RunTime:0.001384s ]
SQL: SHOW COLUMNS FROM `diuba_losts` [ RunTime:0.0130s ]
SQL: SHOW COLUMNS FROM `diuba_find` [ RunTime:0.0117s ]
SQL: SELECT COUNT(*) AS tp_count FROM `diuba_losts` LIMIT 1   [ RunTime:0.0005s ]
SQL: SELECT COUNT(*) AS tp_count FROM `diuba_find` LIMIT 1   [ RunTime:0.0007s ]
SQL: SELECT COUNT(*) AS tp_count FROM `diuba_losts` WHERE ( isfinish=1 ) LIMIT 1   [ RunTime:0.0005s ]
SQL: SELECT COUNT(*) AS tp_count FROM `diuba_find` WHERE ( isfinish=1 ) LIMIT 1   [ RunTime:0.0003s ]
SQL: SELECT * FROM `diuba_losts` WHERE ( isfinish=0 ) ORDER BY isfirst desc,id desc LIMIT 4   [ RunTime:0.0006s ]
SQL: SELECT * FROM `diuba_find` WHERE ( isfinish=0 ) ORDER BY id desc LIMIT 4   [ RunTime:0.0004s ]
INFO: [ view_parse ] --START--
INFO: [ template_filter ] --START--
INFO: Run Behavior\ContentReplaceBehavior [ RunTime:0.000184s ]
INFO: [ template_filter ] --END-- [ RunTime:-1.069285s ]
INFO: Run Behavior\ParseTemplateBehavior [ RunTime:0.014281s ]
INFO: [ view_parse ] --END-- [ RunTime:-1.055472s ]
INFO: [ view_filter ] --START--
INFO: Run Behavior\WriteHtmlCacheBehavior [ RunTime:0.000044s ]
INFO: [ view_filter ] --END-- [ RunTime:-1.068548s ]
INFO: [ app_end ] --START--
INFO: Run Behavior\ShowPageTraceBehavior [ RunTime:0.001566s ]
INFO: [ app_end ] --END-- [ RunTime:0.001754s ]

[ 2016-10-14T16:49:55+08:00 ] 127.0.0.1 /928diuba/index.php/Home/Index/index
INFO: [ app_init ] --START--
INFO: Run Behavior\BuildLiteBehavior [ RunTime:0.000029s ]
INFO: [ app_init ] --END-- [ RunTime:0.000578s ]
INFO: [ app_begin ] --START--
INFO: Run Behavior\ReadHtmlCacheBehavior [ RunTime:0.000967s ]
INFO: [ app_begin ] --END-- [ RunTime:0.001092s ]
INFO: [ view_parse ] --START--
INFO: [ template_filter ] --START--
INFO: Run Behavior\ContentReplaceBehavior [ RunTime:0.000286s ]
INFO: [ template_filter ] --END-- [ RunTime:0.000470s ]
NOTIC: [8] Undefined variable: lostnum F:\wamp\www\928diuba\App\Runtime\Cache\Home\00e52909bed743ea261af4b6823297ff.php 第 141 行.
NOTIC: [8] Undefined variable: findnum F:\wamp\www\928diuba\App\Runtime\Cache\Home\00e52909bed743ea261af4b6823297ff.php 第 141 行.
NOTIC: [8] Undefined variable: all F:\wamp\www\928diuba\App\Runtime\Cache\Home\00e52909bed743ea261af4b6823297ff.php 第 141 行.
NOTIC: [8] Undefined variable: lostlist F:\wamp\www\928diuba\App\Runtime\Cache\Home\00e52909bed743ea261af4b6823297ff.php 第 159 行.
NOTIC: [8] Undefined variable: findlist F:\wamp\www\928diuba\App\Runtime\Cache\Home\00e52909bed743ea261af4b6823297ff.php 第 187 行.
INFO: Run Behavior\ParseTemplateBehavior [ RunTime:0.025286s ]
INFO: [ view_parse ] --END-- [ RunTime:0.025437s ]
INFO: [ view_filter ] --START--
INFO: Run Behavior\WriteHtmlCacheBehavior [ RunTime:0.001050s ]
INFO: [ view_filter ] --END-- [ RunTime:0.001212s ]
SQL: SHOW COLUMNS FROM `diuba_losts` [ RunTime:0.0089s ]
SQL: SHOW COLUMNS FROM `diuba_find` [ RunTime:0.0084s ]
SQL: SELECT COUNT(*) AS tp_count FROM `diuba_losts` LIMIT 1   [ RunTime:0.0003s ]
SQL: SELECT COUNT(*) AS tp_count FROM `diuba_find` LIMIT 1   [ RunTime:0.0003s ]
SQL: SELECT COUNT(*) AS tp_count FROM `diuba_losts` WHERE ( isfinish=1 ) LIMIT 1   [ RunTime:0.0004s ]
SQL: SELECT COUNT(*) AS tp_count FROM `diuba_find` WHERE ( isfinish=1 ) LIMIT 1   [ RunTime:0.0003s ]
SQL: SELECT * FROM `diuba_losts` WHERE ( isfinish=0 ) ORDER BY isfirst desc,id desc LIMIT 4   [ RunTime:0.0006s ]
SQL: SELECT * FROM `diuba_find` WHERE ( isfinish=0 ) ORDER BY id desc LIMIT 4   [ RunTime:0.0005s ]
INFO: [ view_parse ] --START--
INFO: [ template_filter ] --START--
INFO: Run Behavior\ContentReplaceBehavior [ RunTime:0.000181s ]
INFO: [ template_filter ] --END-- [ RunTime:-1.049148s ]
INFO: Run Behavior\ParseTemplateBehavior [ RunTime:0.012182s ]
INFO: [ view_parse ] --END-- [ RunTime:-1.035352s ]
INFO: [ view_filter ] --START--
INFO: Run Behavior\WriteHtmlCacheBehavior [ RunTime:0.000029s ]
INFO: [ view_filter ] --END-- [ RunTime:-1.046423s ]
INFO: [ app_end ] --START--
INFO: Run Behavior\ShowPageTraceBehavior [ RunTime:0.000917s ]
INFO: [ app_end ] --END-- [ RunTime:0.001140s ]

[ 2016-10-14T16:50:54+08:00 ] 127.0.0.1 /928diuba/index.php/Home/Index/index
INFO: [ app_init ] --START--
INFO: Run Behavior\BuildLiteBehavior [ RunTime:0.000032s ]
INFO: [ app_init ] --END-- [ RunTime:0.000585s ]
INFO: [ app_begin ] --START--
INFO: Run Behavior\ReadHtmlCacheBehavior [ RunTime:0.000945s ]
INFO: [ app_begin ] --END-- [ RunTime:0.001065s ]
INFO: [ view_parse ] --START--
INFO: [ template_filter ] --START--
INFO: Run Behavior\ContentReplaceBehavior [ RunTime:0.000285s ]
INFO: [ template_filter ] --END-- [ RunTime:0.000490s ]
NOTIC: [8] Undefined variable: lostnum F:\wamp\www\928diuba\App\Runtime\Cache\Home\00e52909bed743ea261af4b6823297ff.php 第 141 行.
NOTIC: [8] Undefined variable: findnum F:\wamp\www\928diuba\App\Runtime\Cache\Home\00e52909bed743ea261af4b6823297ff.php 第 141 行.
NOTIC: [8] Undefined variable: all F:\wamp\www\928diuba\App\Runtime\Cache\Home\00e52909bed743ea261af4b6823297ff.php 第 141 行.
NOTIC: [8] Undefined variable: lostlist F:\wamp\www\928diuba\App\Runtime\Cache\Home\00e52909bed743ea261af4b6823297ff.php 第 159 行.
NOTIC: [8] Undefined variable: findlist F:\wamp\www\928diuba\App\Runtime\Cache\Home\00e52909bed743ea261af4b6823297ff.php 第 187 行.
INFO: Run Behavior\ParseTemplateBehavior [ RunTime:0.023484s ]
INFO: [ view_parse ] --END-- [ RunTime:0.023656s ]
INFO: [ view_filter ] --START--
INFO: Run Behavior\WriteHtmlCacheBehavior [ RunTime:0.000938s ]
INFO: [ view_filter ] --END-- [ RunTime:0.001109s ]
SQL: SHOW COLUMNS FROM `diuba_losts` [ RunTime:0.0088s ]
SQL: SHOW COLUMNS FROM `diuba_find` [ RunTime:0.0090s ]
SQL: SELECT COUNT(*) AS tp_count FROM `diuba_losts` LIMIT 1   [ RunTime:0.0005s ]
SQL: SELECT COUNT(*) AS tp_count FROM `diuba_find` LIMIT 1   [ RunTime:0.0003s ]
SQL: SELECT COUNT(*) AS tp_count FROM `diuba_losts` WHERE ( isfinish=1 ) LIMIT 1   [ RunTime:0.0003s ]
SQL: SELECT COUNT(*) AS tp_count FROM `diuba_find` WHERE ( isfinish=1 ) LIMIT 1   [ RunTime:0.0003s ]
SQL: SELECT * FROM `diuba_losts` WHERE ( isfinish=0 ) ORDER BY isfirst desc,id desc LIMIT 4   [ RunTime:0.0005s ]
SQL: SELECT * FROM `diuba_find` WHERE ( isfinish=0 ) ORDER BY id desc LIMIT 4   [ RunTime:0.0004s ]
INFO: [ view_parse ] --START--
INFO: [ template_filter ] --START--
INFO: Run Behavior\ContentReplaceBehavior [ RunTime:0.000297s ]
INFO: [ template_filter ] --END-- [ RunTime:-1.055006s ]
INFO: Run Behavior\ParseTemplateBehavior [ RunTime:0.016731s ]
INFO: [ view_parse ] --END-- [ RunTime:-1.037482s ]
INFO: [ view_filter ] --START--
INFO: Run Behavior\WriteHtmlCacheBehavior [ RunTime:0.000028s ]
INFO: [ view_filter ] --END-- [ RunTime:-1.053252s ]
INFO: [ app_end ] --START--
INFO: Run Behavior\ShowPageTraceBehavior [ RunTime:0.000785s ]
INFO: [ app_end ] --END-- [ RunTime:0.000897s ]

[ 2016-10-14T16:51:49+08:00 ] 127.0.0.1 /928diuba/index.php/Home/Index/index
INFO: [ app_init ] --START--
INFO: Run Behavior\BuildLiteBehavior [ RunTime:0.000048s ]
INFO: [ app_init ] --END-- [ RunTime:0.000755s ]
INFO: [ app_begin ] --START--
INFO: Run Behavior\ReadHtmlCacheBehavior [ RunTime:0.000618s ]
INFO: [ app_begin ] --END-- [ RunTime:0.000749s ]
INFO: [ view_parse ] --START--
INFO: [ template_filter ] --START--
INFO: Run Behavior\ContentReplaceBehavior [ RunTime:0.000210s ]
INFO: [ template_filter ] --END-- [ RunTime:0.000338s ]
NOTIC: [8] Undefined variable: lostnum F:\wamp\www\928diuba\App\Runtime\Cache\Home\00e52909bed743ea261af4b6823297ff.php 第 141 行.
NOTIC: [8] Undefined variable: findnum F:\wamp\www\928diuba\App\Runtime\Cache\Home\00e52909bed743ea261af4b6823297ff.php 第 141 行.
NOTIC: [8] Undefined variable: all F:\wamp\www\928diuba\App\Runtime\Cache\Home\00e52909bed743ea261af4b6823297ff.php 第 141 行.
NOTIC: [8] Undefined variable: lostlist F:\wamp\www\928diuba\App\Runtime\Cache\Home\00e52909bed743ea261af4b6823297ff.php 第 159 行.
NOTIC: [8] Undefined variable: findlist F:\wamp\www\928diuba\App\Runtime\Cache\Home\00e52909bed743ea261af4b6823297ff.php 第 187 行.
INFO: Run Behavior\ParseTemplateBehavior [ RunTime:0.025813s ]
INFO: [ view_parse ] --END-- [ RunTime:0.026016s ]
INFO: [ view_filter ] --START--
INFO: Run Behavior\WriteHtmlCacheBehavior [ RunTime:0.000720s ]
INFO: [ view_filter ] --END-- [ RunTime:0.000834s ]
SQL: SHOW COLUMNS FROM `diuba_losts` [ RunTime:0.0084s ]
SQL: SHOW COLUMNS FROM `diuba_find` [ RunTime:0.0097s ]
SQL: SELECT COUNT(*) AS tp_count FROM `diuba_losts` LIMIT 1   [ RunTime:0.0003s ]
SQL: SELECT COUNT(*) AS tp_count FROM `diuba_find` LIMIT 1   [ RunTime:0.0002s ]
SQL: SELECT COUNT(*) AS tp_count FROM `diuba_losts` WHERE ( isfinish=1 ) LIMIT 1   [ RunTime:0.0002s ]
SQL: SELECT COUNT(*) AS tp_count FROM `diuba_find` WHERE ( isfinish=1 ) LIMIT 1   [ RunTime:0.0002s ]
SQL: SELECT * FROM `diuba_losts` WHERE ( isfinish=0 ) ORDER BY isfirst desc,id desc LIMIT 4   [ RunTime:0.0004s ]
SQL: SELECT * FROM `diuba_find` WHERE ( isfinish=0 ) ORDER BY id desc LIMIT 4   [ RunTime:0.0003s ]
INFO: [ view_parse ] --START--
INFO: [ template_filter ] --START--
INFO: Run Behavior\ContentReplaceBehavior [ RunTime:0.000341s ]
INFO: [ template_filter ] --END-- [ RunTime:-1.050277s ]
INFO: Run Behavior\ParseTemplateBehavior [ RunTime:0.013203s ]
INFO: [ view_parse ] --END-- [ RunTime:-1.035863s ]
INFO: [ view_filter ] --START--
INFO: Run Behavior\WriteHtmlCacheBehavior [ RunTime:0.000027s ]
INFO: [ view_filter ] --END-- [ RunTime:-1.048349s ]
INFO: [ app_end ] --START--
INFO: Run Behavior\ShowPageTraceBehavior [ RunTime:0.000577s ]
INFO: [ app_end ] --END-- [ RunTime:0.000688s ]

[ 2016-10-14T16:53:56+08:00 ] 127.0.0.1 /928diuba/index.php/Home/Index/index
INFO: [ app_init ] --START--
INFO: Run Behavior\BuildLiteBehavior [ RunTime:0.000045s ]
INFO: [ app_init ] --END-- [ RunTime:0.000826s ]
INFO: [ app_begin ] --START--
INFO: Run Behavior\ReadHtmlCacheBehavior [ RunTime:0.001249s ]
INFO: [ app_begin ] --END-- [ RunTime:0.001465s ]
INFO: [ view_parse ] --START--
INFO: [ template_filter ] --START--
INFO: Run Behavior\ContentReplaceBehavior [ RunTime:0.000297s ]
INFO: [ template_filter ] --END-- [ RunTime:0.000495s ]
NOTIC: [8] Undefined variable: lostnum F:\wamp\www\928diuba\App\Runtime\Cache\Home\00e52909bed743ea261af4b6823297ff.php 第 141 行.
NOTIC: [8] Undefined variable: findnum F:\wamp\www\928diuba\App\Runtime\Cache\Home\00e52909bed743ea261af4b6823297ff.php 第 141 行.
NOTIC: [8] Undefined variable: all F:\wamp\www\928diuba\App\Runtime\Cache\Home\00e52909bed743ea261af4b6823297ff.php 第 141 行.
NOTIC: [8] Undefined variable: lostlist F:\wamp\www\928diuba\App\Runtime\Cache\Home\00e52909bed743ea261af4b6823297ff.php 第 159 行.
NOTIC: [8] Undefined variable: findlist F:\wamp\www\928diuba\App\Runtime\Cache\Home\00e52909bed743ea261af4b6823297ff.php 第 187 行.
INFO: Run Behavior\ParseTemplateBehavior [ RunTime:0.029691s ]
INFO: [ view_parse ] --END-- [ RunTime:0.029887s ]
INFO: [ view_filter ] --START--
INFO: Run Behavior\WriteHtmlCacheBehavior [ RunTime:0.000895s ]
INFO: [ view_filter ] --END-- [ RunTime:0.001037s ]
SQL: SHOW COLUMNS FROM `diuba_losts` [ RunTime:0.0086s ]
SQL: SHOW COLUMNS FROM `diuba_find` [ RunTime:0.0123s ]
SQL: SELECT COUNT(*) AS tp_count FROM `diuba_losts` LIMIT 1   [ RunTime:0.0004s ]
SQL: SELECT COUNT(*) AS tp_count FROM `diuba_find` LIMIT 1   [ RunTime:0.0003s ]
SQL: SELECT COUNT(*) AS tp_count FROM `diuba_losts` WHERE ( isfinish=1 ) LIMIT 1   [ RunTime:0.0003s ]
SQL: SELECT COUNT(*) AS tp_count FROM `diuba_find` WHERE ( isfinish=1 ) LIMIT 1   [ RunTime:0.0003s ]
SQL: SELECT * FROM `diuba_losts` WHERE ( isfinish=0 ) ORDER BY isfirst desc,id desc LIMIT 4   [ RunTime:0.0008s ]
SQL: SELECT * FROM `diuba_find` WHERE ( isfinish=0 ) ORDER BY id desc LIMIT 4   [ RunTime:0.0004s ]
INFO: [ view_parse ] --START--
INFO: [ template_filter ] --START--
INFO: Run Behavior\ContentReplaceBehavior [ RunTime:0.000291s ]
INFO: [ template_filter ] --END-- [ RunTime:-1.061115s ]
INFO: Run Behavior\ParseTemplateBehavior [ RunTime:0.016005s ]
INFO: [ view_parse ] --END-- [ RunTime:-1.043868s ]
INFO: [ view_filter ] --START--
INFO: Run Behavior\WriteHtmlCacheBehavior [ RunTime:0.000028s ]
INFO: [ view_filter ] --END-- [ RunTime:-1.058959s ]
INFO: [ app_end ] --START--
INFO: Run Behavior\ShowPageTraceBehavior [ RunTime:0.001130s ]
INFO: [ app_end ] --END-- [ RunTime:0.001290s ]

[ 2016-10-14T16:54:29+08:00 ] 127.0.0.1 /928diuba/index.php/Home/Index/index
INFO: [ app_init ] --START--
INFO: Run Behavior\BuildLiteBehavior [ RunTime:0.000032s ]
INFO: [ app_init ] --END-- [ RunTime:0.000567s ]
INFO: [ app_begin ] --START--
INFO: Run Behavior\ReadHtmlCacheBehavior [ RunTime:0.000927s ]
INFO: [ app_begin ] --END-- [ RunTime:0.001078s ]
INFO: [ view_parse ] --START--
INFO: [ template_filter ] --START--
INFO: Run Behavior\ContentReplaceBehavior [ RunTime:0.000229s ]
INFO: [ template_filter ] --END-- [ RunTime:0.000381s ]
NOTIC: [8] Undefined variable: lostnum F:\wamp\www\928diuba\App\Runtime\Cache\Home\00e52909bed743ea261af4b6823297ff.php 第 141 行.
NOTIC: [8] Undefined variable: findnum F:\wamp\www\928diuba\App\Runtime\Cache\Home\00e52909bed743ea261af4b6823297ff.php 第 141 行.
NOTIC: [8] Undefined variable: all F:\wamp\www\928diuba\App\Runtime\Cache\Home\00e52909bed743ea261af4b6823297ff.php 第 141 行.
NOTIC: [8] Undefined variable: lostlist F:\wamp\www\928diuba\App\Runtime\Cache\Home\00e52909bed743ea261af4b6823297ff.php 第 159 行.
NOTIC: [8] Undefined variable: findlist F:\wamp\www\928diuba\App\Runtime\Cache\Home\00e52909bed743ea261af4b6823297ff.php 第 187 行.
INFO: Run Behavior\ParseTemplateBehavior [ RunTime:0.020658s ]
INFO: [ view_parse ] --END-- [ RunTime:0.020783s ]
INFO: [ view_filter ] --START--
INFO: Run Behavior\WriteHtmlCacheBehavior [ RunTime:0.000745s ]
INFO: [ view_filter ] --END-- [ RunTime:0.000858s ]
SQL: SHOW COLUMNS FROM `diuba_losts` [ RunTime:0.0103s ]
SQL: SHOW COLUMNS FROM `diuba_find` [ RunTime:0.0135s ]
SQL: SELECT COUNT(*) AS tp_count FROM `diuba_losts` LIMIT 1   [ RunTime:0.0004s ]
SQL: SELECT COUNT(*) AS tp_count FROM `diuba_find` LIMIT 1   [ RunTime:0.0003s ]
SQL: SELECT COUNT(*) AS tp_count FROM `diuba_losts` WHERE ( isfinish=1 ) LIMIT 1   [ RunTime:0.0003s ]
SQL: SELECT COUNT(*) AS tp_count FROM `diuba_find` WHERE ( isfinish=1 ) LIMIT 1   [ RunTime:0.0003s ]
SQL: SELECT * FROM `diuba_losts` WHERE ( isfinish=0 ) ORDER BY isfirst desc,id desc LIMIT 4   [ RunTime:0.0005s ]
SQL: SELECT * FROM `diuba_find` WHERE ( isfinish=0 ) ORDER BY id desc LIMIT 4   [ RunTime:0.0004s ]
INFO: [ view_parse ] --START--
INFO: [ template_filter ] --START--
INFO: Run Behavior\ContentReplaceBehavior [ RunTime:0.000188s ]
INFO: [ template_filter ] --END-- [ RunTime:-1.053677s ]
INFO: Run Behavior\ParseTemplateBehavior [ RunTime:0.013321s ]
INFO: [ view_parse ] --END-- [ RunTime:-1.040754s ]
INFO: [ view_filter ] --START--
INFO: Run Behavior\WriteHtmlCacheBehavior [ RunTime:0.000028s ]
INFO: [ view_filter ] --END-- [ RunTime:-1.053356s ]
INFO: [ app_end ] --START--
INFO: Run Behavior\ShowPageTraceBehavior [ RunTime:0.000757s ]
INFO: [ app_end ] --END-- [ RunTime:0.000865s ]

[ 2016-10-14T16:57:23+08:00 ] 127.0.0.1 /928diuba/index.php/Home/Index/index
INFO: [ app_init ] --START--
INFO: Run Behavior\BuildLiteBehavior [ RunTime:0.000030s ]
INFO: [ app_init ] --END-- [ RunTime:0.000628s ]
INFO: [ app_begin ] --START--
INFO: Run Behavior\ReadHtmlCacheBehavior [ RunTime:0.000812s ]
INFO: [ app_begin ] --END-- [ RunTime:0.000955s ]
INFO: [ view_parse ] --START--
INFO: [ template_filter ] --START--
INFO: Run Behavior\ContentReplaceBehavior [ RunTime:0.000235s ]
INFO: [ template_filter ] --END-- [ RunTime:0.000372s ]
NOTIC: [8] Undefined variable: lostnum F:\wamp\www\928diuba\App\Runtime\Cache\Home\00e52909bed743ea261af4b6823297ff.php 第 144 行.
NOTIC: [8] Undefined variable: findnum F:\wamp\www\928diuba\App\Runtime\Cache\Home\00e52909bed743ea261af4b6823297ff.php 第 144 行.
NOTIC: [8] Undefined variable: all F:\wamp\www\928diuba\App\Runtime\Cache\Home\00e52909bed743ea261af4b6823297ff.php 第 144 行.
NOTIC: [8] Undefined variable: findlist F:\wamp\www\928diuba\App\Runtime\Cache\Home\00e52909bed743ea261af4b6823297ff.php 第 164 行.
INFO: Run Behavior\ParseTemplateBehavior [ RunTime:0.019051s ]
INFO: [ view_parse ] --END-- [ RunTime:0.019185s ]
INFO: [ view_filter ] --START--
INFO: Run Behavior\WriteHtmlCacheBehavior [ RunTime:0.000685s ]
INFO: [ view_filter ] --END-- [ RunTime:0.001072s ]
SQL: SHOW COLUMNS FROM `diuba_losts` [ RunTime:0.0086s ]
SQL: SHOW COLUMNS FROM `diuba_find` [ RunTime:0.0084s ]
SQL: SELECT COUNT(*) AS tp_count FROM `diuba_losts` LIMIT 1   [ RunTime:0.0004s ]
SQL: SELECT COUNT(*) AS tp_count FROM `diuba_find` LIMIT 1   [ RunTime:0.0002s ]
SQL: SELECT COUNT(*) AS tp_count FROM `diuba_losts` WHERE ( isfinish=1 ) LIMIT 1   [ RunTime:0.0002s ]
SQL: SELECT COUNT(*) AS tp_count FROM `diuba_find` WHERE ( isfinish=1 ) LIMIT 1   [ RunTime:0.0002s ]
SQL: SELECT * FROM `diuba_losts` WHERE ( isfinish=0 ) ORDER BY isfirst desc,id desc LIMIT 4   [ RunTime:0.0004s ]
SQL: SELECT * FROM `diuba_find` WHERE ( isfinish=0 ) ORDER BY id desc LIMIT 4   [ RunTime:0.0003s ]
INFO: [ view_parse ] --START--
INFO: [ template_filter ] --START--
INFO: Run Behavior\ContentReplaceBehavior [ RunTime:0.000225s ]
INFO: [ template_filter ] --END-- [ RunTime:-1.047819s ]
NOTIC: [8] Undefined index: lostdate F:\wamp\www\928diuba\App\Runtime\Cache\Home\00e52909bed743ea261af4b6823297ff.php 第 175 行.
NOTIC: [8] Undefined index: lostdate F:\wamp\www\928diuba\App\Runtime\Cache\Home\00e52909bed743ea261af4b6823297ff.php 第 205 行.
NOTIC: [8] Undefined index: lostdate F:\wamp\www\928diuba\App\Runtime\Cache\Home\00e52909bed743ea261af4b6823297ff.php 第 175 行.
NOTIC: [8] Undefined index: lostdate F:\wamp\www\928diuba\App\Runtime\Cache\Home\00e52909bed743ea261af4b6823297ff.php 第 205 行.
NOTIC: [8] Undefined index: lostdate F:\wamp\www\928diuba\App\Runtime\Cache\Home\00e52909bed743ea261af4b6823297ff.php 第 175 行.
NOTIC: [8] Undefined index: lostdate F:\wamp\www\928diuba\App\Runtime\Cache\Home\00e52909bed743ea261af4b6823297ff.php 第 205 行.
INFO: Run Behavior\ParseTemplateBehavior [ RunTime:0.014159s ]
INFO: [ view_parse ] --END-- [ RunTime:-1.033376s ]
INFO: [ view_filter ] --START--
INFO: Run Behavior\WriteHtmlCacheBehavior [ RunTime:0.000030s ]
INFO: [ view_filter ] --END-- [ RunTime:-1.046641s ]
INFO: [ app_end ] --START--
INFO: Run Behavior\ShowPageTraceBehavior [ RunTime:0.000984s ]
INFO: [ app_end ] --END-- [ RunTime:0.001093s ]

[ 2016-10-14T16:58:10+08:00 ] 127.0.0.1 /928diuba/index.php/Home/Index/index
INFO: [ app_init ] --START--
INFO: Run Behavior\BuildLiteBehavior [ RunTime:0.000039s ]
INFO: [ app_init ] --END-- [ RunTime:0.000750s ]
INFO: [ app_begin ] --START--
INFO: Run Behavior\ReadHtmlCacheBehavior [ RunTime:0.000865s ]
INFO: [ app_begin ] --END-- [ RunTime:0.001020s ]
INFO: [ view_parse ] --START--
INFO: [ template_filter ] --START--
INFO: Run Behavior\ContentReplaceBehavior [ RunTime:0.000185s ]
INFO: [ template_filter ] --END-- [ RunTime:0.000312s ]
NOTIC: [8] Undefined variable: lostnum F:\wamp\www\928diuba\App\Runtime\Cache\Home\00e52909bed743ea261af4b6823297ff.php 第 141 行.
NOTIC: [8] Undefined variable: findnum F:\wamp\www\928diuba\App\Runtime\Cache\Home\00e52909bed743ea261af4b6823297ff.php 第 141 行.
NOTIC: [8] Undefined variable: all F:\wamp\www\928diuba\App\Runtime\Cache\Home\00e52909bed743ea261af4b6823297ff.php 第 141 行.
NOTIC: [8] Undefined variable: lostlist F:\wamp\www\928diuba\App\Runtime\Cache\Home\00e52909bed743ea261af4b6823297ff.php 第 159 行.
NOTIC: [8] Undefined variable: findlist F:\wamp\www\928diuba\App\Runtime\Cache\Home\00e52909bed743ea261af4b6823297ff.php 第 187 行.
INFO: Run Behavior\ParseTemplateBehavior [ RunTime:0.021592s ]
INFO: [ view_parse ] --END-- [ RunTime:0.021797s ]
INFO: [ view_filter ] --START--
INFO: Run Behavior\WriteHtmlCacheBehavior [ RunTime:0.001193s ]
INFO: [ view_filter ] --END-- [ RunTime:0.001372s ]
SQL: SHOW COLUMNS FROM `diuba_losts` [ RunTime:0.0091s ]
SQL: SHOW COLUMNS FROM `diuba_find` [ RunTime:0.0087s ]
SQL: SELECT COUNT(*) AS tp_count FROM `diuba_losts` LIMIT 1   [ RunTime:0.0021s ]
SQL: SELECT COUNT(*) AS tp_count FROM `diuba_find` LIMIT 1   [ RunTime:0.0003s ]
SQL: SELECT COUNT(*) AS tp_count FROM `diuba_losts` WHERE ( isfinish=1 ) LIMIT 1   [ RunTime:0.0003s ]
SQL: SELECT COUNT(*) AS tp_count FROM `diuba_find` WHERE ( isfinish=1 ) LIMIT 1   [ RunTime:0.0003s ]
SQL: SELECT * FROM `diuba_losts` WHERE ( isfinish=0 ) ORDER BY isfirst desc,id desc LIMIT 4   [ RunTime:0.0011s ]
SQL: SELECT * FROM `diuba_find` WHERE ( isfinish=0 ) ORDER BY id desc LIMIT 4   [ RunTime:0.0004s ]
INFO: [ view_parse ] --START--
INFO: [ template_filter ] --START--
INFO: Run Behavior\ContentReplaceBehavior [ RunTime:0.000184s ]
INFO: [ template_filter ] --END-- [ RunTime:-1.072948s ]
INFO: Run Behavior\ParseTemplateBehavior [ RunTime:0.012114s ]
INFO: [ view_parse ] --END-- [ RunTime:-1.059212s ]
INFO: [ view_filter ] --START--
INFO: Run Behavior\WriteHtmlCacheBehavior [ RunTime:0.000028s ]
INFO: [ view_filter ] --END-- [ RunTime:-1.070050s ]
INFO: [ app_end ] --START--
INFO: Run Behavior\ShowPageTraceBehavior [ RunTime:0.000769s ]
INFO: [ app_end ] --END-- [ RunTime:0.000878s ]

