[ 2016-11-15T10:47:50+08:00 ] 127.0.0.1 /928diuba/index.php/Admin/Index/index
INFO: [ app_init ] --START--
INFO: Run Behavior\BuildLiteBehavior [ RunTime:0.000035s ]
INFO: [ app_init ] --END-- [ RunTime:0.000646s ]
INFO: [ app_begin ] --START--
INFO: Run Behavior\ReadHtmlCacheBehavior [ RunTime:0.001199s ]
INFO: [ app_begin ] --END-- [ RunTime:0.001430s ]
INFO: [ view_parse ] --START--
INFO: [ template_filter ] --START--
INFO: Run Behavior\ContentReplaceBehavior [ RunTime:0.000127s ]
INFO: [ template_filter ] --END-- [ RunTime:0.000305s ]
INFO: Run Behavior\ParseTemplateBehavior [ RunTime:0.111240s ]
INFO: [ view_parse ] --END-- [ RunTime:0.111416s ]
INFO: [ view_filter ] --START--
INFO: Run Behavior\WriteHtmlCacheBehavior [ RunTime:0.000452s ]
INFO: [ view_filter ] --END-- [ RunTime:0.000590s ]
INFO: [ app_end ] --START--
INFO: Run Behavior\ShowPageTraceBehavior [ RunTime:0.000818s ]
INFO: [ app_end ] --END-- [ RunTime:0.000962s ]

[ 2016-11-15T10:47:51+08:00 ] 127.0.0.1 /928diuba/Admin/Index/verify.html
INFO: [ app_init ] --START--
INFO: Run Behavior\BuildLiteBehavior [ RunTime:0.000057s ]
INFO: [ app_init ] --END-- [ RunTime:0.001591s ]
INFO: [ app_begin ] --START--
INFO: Run Behavior\ReadHtmlCacheBehavior [ RunTime:0.001418s ]
INFO: [ app_begin ] --END-- [ RunTime:0.001706s ]
INFO: [ app_end ] --START--
INFO: Run Behavior\ShowPageTraceBehavior [ RunTime:0.000975s ]
INFO: [ app_end ] --END-- [ RunTime:0.001186s ]

[ 2016-11-15T10:47:59+08:00 ] 127.0.0.1 /928diuba/Admin/Index/verify.html
INFO: [ app_init ] --START--
INFO: Run Behavior\BuildLiteBehavior [ RunTime:0.000059s ]
INFO: [ app_init ] --END-- [ RunTime:0.001205s ]
INFO: [ app_begin ] --START--
INFO: Run Behavior\ReadHtmlCacheBehavior [ RunTime:0.001656s ]
INFO: [ app_begin ] --END-- [ RunTime:0.001890s ]
INFO: [ app_end ] --START--
INFO: Run Behavior\ShowPageTraceBehavior [ RunTime:0.001677s ]
INFO: [ app_end ] --END-- [ RunTime:0.001973s ]

[ 2016-11-15T10:48:14+08:00 ] 127.0.0.1 /928diuba/Admin/Index/checkLogin.html
INFO: [ app_init ] --START--
INFO: Run Behavior\BuildLiteBehavior [ RunTime:0.000056s ]
INFO: [ app_init ] --END-- [ RunTime:0.001177s ]
INFO: [ app_begin ] --START--
INFO: Run Behavior\ReadHtmlCacheBehavior [ RunTime:0.001361s ]
INFO: [ app_begin ] --END-- [ RunTime:0.001733s ]
SQL: SHOW COLUMNS FROM `diuba_admins` [ RunTime:0.0740s ]
SQL: SELECT * FROM `diuba_admins` WHERE `admin_name` = 'admin' AND `password` = '123'  [ RunTime:0.0149s ]

[ 2016-11-15T10:48:14+08:00 ] 127.0.0.1 /928diuba/Admin/Index/count
INFO: [ app_init ] --START--
INFO: Run Behavior\BuildLiteBehavior [ RunTime:0.000061s ]
INFO: [ app_init ] --END-- [ RunTime:0.001120s ]
INFO: [ app_begin ] --START--
INFO: Run Behavior\ReadHtmlCacheBehavior [ RunTime:0.000940s ]
INFO: [ app_begin ] --END-- [ RunTime:0.001162s ]
INFO: [ view_parse ] --START--
NOTIC: [2] file_get_contents(./App/Admin/View/Public/top.html) [<a href='function.file-get-contents'>function.file-get-contents</a>]: failed to open stream: No such file or directory F:\wamp\www\928diuba\ThinkPHP\Library\Think\Template.class.php 第 696 行.
NOTIC: [2] file_get_contents(./App/Admin/View/Public/sidemenu.html) [<a href='function.file-get-contents'>function.file-get-contents</a>]: failed to open stream: No such file or directory F:\wamp\www\928diuba\ThinkPHP\Library\Think\Template.class.php 第 696 行.
INFO: [ template_filter ] --START--
INFO: Run Behavior\ContentReplaceBehavior [ RunTime:0.000164s ]
INFO: [ template_filter ] --END-- [ RunTime:0.000332s ]
NOTIC: [8] Undefined variable: count1 F:\wamp\www\928diuba\App\Runtime\Cache\Admin\1f2eec66106d2f269ade924ba484f32c.php 第 212 行.
NOTIC: [8] Undefined variable: count2 F:\wamp\www\928diuba\App\Runtime\Cache\Admin\1f2eec66106d2f269ade924ba484f32c.php 第 213 行.
NOTIC: [8] Undefined variable: count3 F:\wamp\www\928diuba\App\Runtime\Cache\Admin\1f2eec66106d2f269ade924ba484f32c.php 第 214 行.
NOTIC: [8] Undefined variable: count4 F:\wamp\www\928diuba\App\Runtime\Cache\Admin\1f2eec66106d2f269ade924ba484f32c.php 第 215 行.
INFO: Run Behavior\ParseTemplateBehavior [ RunTime:0.079328s ]
INFO: [ view_parse ] --END-- [ RunTime:0.079484s ]
INFO: [ view_filter ] --START--
INFO: Run Behavior\WriteHtmlCacheBehavior [ RunTime:0.000724s ]
INFO: [ view_filter ] --END-- [ RunTime:0.000864s ]
INFO: [ app_end ] --START--
INFO: Run Behavior\ShowPageTraceBehavior [ RunTime:0.001266s ]
INFO: [ app_end ] --END-- [ RunTime:0.001411s ]

[ 2016-11-15T10:48:29+08:00 ] 127.0.0.1 /928diuba/Admin/Index/favicon.ico
INFO: [ app_init ] --START--
INFO: Run Behavior\BuildLiteBehavior [ RunTime:0.000036s ]
INFO: [ app_init ] --END-- [ RunTime:0.000656s ]

[ 2016-11-15T10:58:22+08:00 ] 127.0.0.1 /928diuba/index.php/Admin/Index/index
INFO: [ app_init ] --START--
INFO: Run Behavior\BuildLiteBehavior [ RunTime:0.000044s ]
INFO: [ app_init ] --END-- [ RunTime:0.000911s ]
INFO: [ app_begin ] --START--
INFO: Run Behavior\ReadHtmlCacheBehavior [ RunTime:0.001705s ]
INFO: [ app_begin ] --END-- [ RunTime:0.001910s ]
INFO: [ view_parse ] --START--
INFO: [ template_filter ] --START--
INFO: Run Behavior\ContentReplaceBehavior [ RunTime:0.000130s ]
INFO: [ template_filter ] --END-- [ RunTime:0.000336s ]
INFO: Run Behavior\ParseTemplateBehavior [ RunTime:0.018607s ]
INFO: [ view_parse ] --END-- [ RunTime:0.018865s ]
INFO: [ view_filter ] --START--
INFO: Run Behavior\WriteHtmlCacheBehavior [ RunTime:0.001458s ]
INFO: [ view_filter ] --END-- [ RunTime:0.001630s ]
INFO: [ app_end ] --START--
INFO: Run Behavior\ShowPageTraceBehavior [ RunTime:0.002090s ]
INFO: [ app_end ] --END-- [ RunTime:0.002316s ]

[ 2016-11-15T10:58:23+08:00 ] 127.0.0.1 /928diuba/Admin/Index/verify.html
INFO: [ app_init ] --START--
INFO: Run Behavior\BuildLiteBehavior [ RunTime:0.000076s ]
INFO: [ app_init ] --END-- [ RunTime:0.001629s ]
INFO: [ app_begin ] --START--
INFO: Run Behavior\ReadHtmlCacheBehavior [ RunTime:0.002680s ]
INFO: [ app_begin ] --END-- [ RunTime:0.002967s ]
INFO: [ app_end ] --START--
INFO: Run Behavior\ShowPageTraceBehavior [ RunTime:0.002563s ]
INFO: [ app_end ] --END-- [ RunTime:0.002881s ]

[ 2016-11-15T10:58:30+08:00 ] 127.0.0.1 /928diuba/Admin/Index/verify.html
INFO: [ app_init ] --START--
INFO: Run Behavior\BuildLiteBehavior [ RunTime:0.000038s ]
INFO: [ app_init ] --END-- [ RunTime:0.000784s ]
INFO: [ app_begin ] --START--
INFO: Run Behavior\ReadHtmlCacheBehavior [ RunTime:0.001994s ]
INFO: [ app_begin ] --END-- [ RunTime:0.002176s ]
INFO: [ app_end ] --START--
INFO: Run Behavior\ShowPageTraceBehavior [ RunTime:0.001763s ]
INFO: [ app_end ] --END-- [ RunTime:0.001970s ]

[ 2016-11-15T10:58:31+08:00 ] 127.0.0.1 /928diuba/Admin/Index/verify.html
INFO: [ app_init ] --START--
INFO: Run Behavior\BuildLiteBehavior [ RunTime:0.000039s ]
INFO: [ app_init ] --END-- [ RunTime:0.000792s ]
INFO: [ app_begin ] --START--
INFO: Run Behavior\ReadHtmlCacheBehavior [ RunTime:0.001662s ]
INFO: [ app_begin ] --END-- [ RunTime:0.001829s ]
INFO: [ app_end ] --START--
INFO: Run Behavior\ShowPageTraceBehavior [ RunTime:0.001782s ]
INFO: [ app_end ] --END-- [ RunTime:0.001977s ]

[ 2016-11-15T10:58:40+08:00 ] 127.0.0.1 /928diuba/Admin/Index/checkLogin.html
INFO: [ app_init ] --START--
INFO: Run Behavior\BuildLiteBehavior [ RunTime:0.000037s ]
INFO: [ app_init ] --END-- [ RunTime:0.000711s ]
INFO: [ app_begin ] --START--
INFO: Run Behavior\ReadHtmlCacheBehavior [ RunTime:0.000812s ]
INFO: [ app_begin ] --END-- [ RunTime:0.000973s ]
SQL: SHOW COLUMNS FROM `diuba_admins` [ RunTime:0.0158s ]
SQL: SELECT * FROM `diuba_admins` WHERE `admin_name` = 'admin' AND `password` = '123'  [ RunTime:0.0006s ]

[ 2016-11-15T10:58:42+08:00 ] 127.0.0.1 /928diuba/Admin/Count/count.html
INFO: [ app_init ] --START--
INFO: Run Behavior\BuildLiteBehavior [ RunTime:0.000037s ]
INFO: [ app_init ] --END-- [ RunTime:0.000696s ]
INFO: [ app_begin ] --START--
INFO: Run Behavior\ReadHtmlCacheBehavior [ RunTime:0.000793s ]
INFO: [ app_begin ] --END-- [ RunTime:0.000975s ]
SQL: SHOW COLUMNS FROM `diuba_users` [ RunTime:0.0156s ]
SQL: SELECT COUNT(*) AS tp_count FROM `diuba_users` LIMIT 1   [ RunTime:0.0007s ]
SQL: SHOW COLUMNS FROM `diuba_losts` [ RunTime:0.0117s ]
SQL: SELECT COUNT(*) AS tp_count FROM `diuba_losts` LIMIT 1   [ RunTime:0.0004s ]
SQL: SHOW COLUMNS FROM `diuba_find` [ RunTime:0.0119s ]
SQL: SELECT COUNT(*) AS tp_count FROM `diuba_find` LIMIT 1   [ RunTime:0.0004s ]
SQL: SHOW COLUMNS FROM `diuba_goods` [ RunTime:0.0118s ]
SQL: SELECT COUNT(*) AS tp_count FROM `diuba_goods` LIMIT 1   [ RunTime:0.0006s ]
INFO: [ view_parse ] --START--
NOTIC: [2] file_get_contents(./App/Admin/View/Public/top.html) [<a href='function.file-get-contents'>function.file-get-contents</a>]: failed to open stream: No such file or directory F:\wamp\www\928diuba\ThinkPHP\Library\Think\Template.class.php 第 696 行.
NOTIC: [2] file_get_contents(./App/Admin/View/Public/sidemenu.html) [<a href='function.file-get-contents'>function.file-get-contents</a>]: failed to open stream: No such file or directory F:\wamp\www\928diuba\ThinkPHP\Library\Think\Template.class.php 第 696 行.
INFO: [ template_filter ] --START--
INFO: Run Behavior\ContentReplaceBehavior [ RunTime:0.000269s ]
INFO: [ template_filter ] --END-- [ RunTime:0.000533s ]
INFO: Run Behavior\ParseTemplateBehavior [ RunTime:0.057161s ]
INFO: [ view_parse ] --END-- [ RunTime:0.057464s ]
INFO: [ view_filter ] --START--
INFO: Run Behavior\WriteHtmlCacheBehavior [ RunTime:0.000646s ]
INFO: [ view_filter ] --END-- [ RunTime:0.000893s ]
INFO: [ app_end ] --START--
INFO: Run Behavior\ShowPageTraceBehavior [ RunTime:0.001153s ]
INFO: [ app_end ] --END-- [ RunTime:0.001382s ]

[ 2016-11-15T10:58:42+08:00 ] 127.0.0.1 /928diuba/Admin/Count/favicon.ico
INFO: [ app_init ] --START--
INFO: Run Behavior\BuildLiteBehavior [ RunTime:0.000065s ]
INFO: [ app_init ] --END-- [ RunTime:0.001511s ]

[ 2016-11-15T13:21:13+08:00 ] 127.0.0.1 /928diuba/index.php/Admin/Index/index
INFO: [ app_init ] --START--
INFO: Run Behavior\BuildLiteBehavior [ RunTime:0.000028s ]
INFO: [ app_init ] --END-- [ RunTime:0.000509s ]
INFO: [ app_begin ] --START--
INFO: Run Behavior\ReadHtmlCacheBehavior [ RunTime:0.000588s ]
INFO: [ app_begin ] --END-- [ RunTime:0.000698s ]
INFO: [ view_parse ] --START--
INFO: [ template_filter ] --START--
INFO: Run Behavior\ContentReplaceBehavior [ RunTime:0.000092s ]
INFO: [ template_filter ] --END-- [ RunTime:0.000275s ]
INFO: Run Behavior\ParseTemplateBehavior [ RunTime:0.009890s ]
INFO: [ view_parse ] --END-- [ RunTime:0.010015s ]
INFO: [ view_filter ] --START--
INFO: Run Behavior\WriteHtmlCacheBehavior [ RunTime:0.000324s ]
INFO: [ view_filter ] --END-- [ RunTime:0.000426s ]
INFO: [ app_end ] --START--
INFO: Run Behavior\ShowPageTraceBehavior [ RunTime:0.000598s ]
INFO: [ app_end ] --END-- [ RunTime:0.000702s ]

[ 2016-11-15T13:21:13+08:00 ] 127.0.0.1 /928diuba/Admin/Index/verify.html
INFO: [ app_init ] --START--
INFO: Run Behavior\BuildLiteBehavior [ RunTime:0.000045s ]
INFO: [ app_init ] --END-- [ RunTime:0.001046s ]
INFO: [ app_begin ] --START--
INFO: Run Behavior\ReadHtmlCacheBehavior [ RunTime:0.001270s ]
INFO: [ app_begin ] --END-- [ RunTime:0.001512s ]
INFO: [ app_end ] --START--
INFO: Run Behavior\ShowPageTraceBehavior [ RunTime:0.001003s ]
INFO: [ app_end ] --END-- [ RunTime:0.001217s ]

[ 2016-11-15T13:21:25+08:00 ] 127.0.0.1 /928diuba/Admin/Index/checkLogin.html
INFO: [ app_init ] --START--
INFO: Run Behavior\BuildLiteBehavior [ RunTime:0.000050s ]
INFO: [ app_init ] --END-- [ RunTime:0.000929s ]
INFO: [ app_begin ] --START--
INFO: Run Behavior\ReadHtmlCacheBehavior [ RunTime:0.001107s ]
INFO: [ app_begin ] --END-- [ RunTime:0.001270s ]
SQL: SHOW COLUMNS FROM `diuba_admins` [ RunTime:0.0146s ]
SQL: SELECT * FROM `diuba_admins` WHERE `admin_name` = 'admin' AND `password` = '123'  [ RunTime:0.0004s ]

[ 2016-11-15T13:21:26+08:00 ] 127.0.0.1 /928diuba/Admin/Count/count.html
INFO: [ app_init ] --START--
INFO: Run Behavior\BuildLiteBehavior [ RunTime:0.000026s ]
INFO: [ app_init ] --END-- [ RunTime:0.000499s ]
INFO: [ app_begin ] --START--
INFO: Run Behavior\ReadHtmlCacheBehavior [ RunTime:0.000692s ]
INFO: [ app_begin ] --END-- [ RunTime:0.000802s ]
SQL: SHOW COLUMNS FROM `diuba_users` [ RunTime:0.0087s ]
SQL: SELECT COUNT(*) AS tp_count FROM `diuba_users` LIMIT 1   [ RunTime:0.0006s ]
SQL: SHOW COLUMNS FROM `diuba_losts` [ RunTime:0.0095s ]
SQL: SELECT COUNT(*) AS tp_count FROM `diuba_losts` LIMIT 1   [ RunTime:0.0003s ]
SQL: SHOW COLUMNS FROM `diuba_find` [ RunTime:0.0122s ]
SQL: SELECT COUNT(*) AS tp_count FROM `diuba_find` LIMIT 1   [ RunTime:0.0004s ]
SQL: SHOW COLUMNS FROM `diuba_goods` [ RunTime:0.0118s ]
SQL: SELECT COUNT(*) AS tp_count FROM `diuba_goods` LIMIT 1   [ RunTime:0.0004s ]
INFO: [ view_parse ] --START--
NOTIC: [2] file_get_contents(./App/Admin/View/Public/top.html) [<a href='function.file-get-contents'>function.file-get-contents</a>]: failed to open stream: No such file or directory F:\wamp\www\928diuba\ThinkPHP\Library\Think\Template.class.php 第 696 行.
NOTIC: [2] file_get_contents(./App/Admin/View/Public/sidemenu.html) [<a href='function.file-get-contents'>function.file-get-contents</a>]: failed to open stream: No such file or directory F:\wamp\www\928diuba\ThinkPHP\Library\Think\Template.class.php 第 696 行.
INFO: [ template_filter ] --START--
INFO: Run Behavior\ContentReplaceBehavior [ RunTime:0.000199s ]
INFO: [ template_filter ] --END-- [ RunTime:0.000401s ]
INFO: Run Behavior\ParseTemplateBehavior [ RunTime:0.035387s ]
INFO: [ view_parse ] --END-- [ RunTime:0.035611s ]
INFO: [ view_filter ] --START--
INFO: Run Behavior\WriteHtmlCacheBehavior [ RunTime:0.001006s ]
INFO: [ view_filter ] --END-- [ RunTime:0.001193s ]
INFO: [ app_end ] --START--
INFO: Run Behavior\ShowPageTraceBehavior [ RunTime:0.001253s ]
INFO: [ app_end ] --END-- [ RunTime:0.001420s ]

[ 2016-11-15T13:21:26+08:00 ] 127.0.0.1 /928diuba/Admin/Count/favicon.ico
INFO: [ app_init ] --START--
INFO: Run Behavior\BuildLiteBehavior [ RunTime:0.000048s ]
INFO: [ app_init ] --END-- [ RunTime:0.000912s ]

